
{"level":"info","message":"GET /v1/products?minPrice=0&maxPrice=6","timestamp":"2024-10-07T18:31:12.684Z"}
{"level":"info","message":"GET /products?minPrice=0&maxPrice=6","timestamp":"2024-10-07T18:31:12.688Z"}
{"level":"info","message":"GET /v1/products?minPrice=0&maxPrice=6","timestamp":"2024-10-07T18:31:27.043Z"}
{"level":"info","message":"GET /products?minPrice=0&maxPrice=6","timestamp":"2024-10-07T18:31:27.045Z"}
{"level":"info","message":"GET /v1/products?minPrice=0&maxPrice=-1","timestamp":"2024-10-07T18:31:37.332Z"}
{"level":"info","message":"GET /products?minPrice=0&maxPrice=-1","timestamp":"2024-10-07T18:31:37.334Z"}
{"level":"info","message":"GET /v1/products?minPrice=0&maxPrice=-100","timestamp":"2024-10-07T18:33:12.689Z"}
{"level":"info","message":"GET /products?minPrice=0&maxPrice=-100","timestamp":"2024-10-07T18:33:12.695Z"}
{"level":"info","message":"GET /v1/products?minPrice=0&maxPrice=-100","timestamp":"2024-10-07T18:34:37.726Z"}
{"level":"error","message":"STATUS 400 : GET /products?minPrice=0&maxPrice=-100","timestamp":"2024-10-07T18:34:37.729Z"}
{"level":"info","message":"GET /v1/products?minPrice=0&maxPrice=s","timestamp":"2024-10-07T18:34:45.033Z"}
{"level":"error","message":"STATUS 400 : GET /products?minPrice=0&maxPrice=s","timestamp":"2024-10-07T18:34:45.035Z"}
{"level":"info","message":"GET /v1/products?minPrice=0&maxPrice=s","timestamp":"2024-10-07T18:35:32.074Z"}
{"level":"error","message":"STATUS 400 : GET /products?minPrice=0&maxPrice=s","timestamp":"2024-10-07T18:35:32.079Z"}
{"level":"info","message":"GET /v1/products?minPrice=0&maxPrice=600","timestamp":"2024-10-07T18:35:36.475Z"}
{"level":"error","message":"STATUS 400 : GET /products?minPrice=0&maxPrice=600","timestamp":"2024-10-07T18:35:36.477Z"}
{"level":"info","message":"GET /v1/products?minPrice=0&maxPrice=600","timestamp":"2024-10-07T18:36:03.070Z"}
{"level":"error","message":"STATUS 400 : GET /products?minPrice=0&maxPrice=600","timestamp":"2024-10-07T18:36:03.079Z"}
{"level":"info","message":"GET /v1/products?minPrice=0&maxPrice=600","timestamp":"2024-10-07T18:36:17.561Z"}
{"level":"info","message":"GET /products?minPrice=0&maxPrice=600","timestamp":"2024-10-07T18:36:17.569Z"}
{"level":"info","message":"POST /v1/products","timestamp":"2024-10-07T18:38:17.920Z"}
{"level":"info","message":"POST /products","timestamp":"2024-10-07T18:38:18.015Z"}
{"level":"info","message":"POST /v1/products","timestamp":"2024-10-07T18:38:32.380Z"}
{"level":"info","message":"POST /products","timestamp":"2024-10-07T18:38:32.430Z"}
{"level":"info","message":"GET /v1/","timestamp":"2024-10-07T23:41:34.222Z"}
{"level":"info","message":"GET /v1/","timestamp":"2024-10-07T23:41:35.448Z"}
{"level":"info","message":"GET /v1/","timestamp":"2024-10-07T23:42:04.024Z"}
{"level":"info","message":"GET /v1/","timestamp":"2024-10-07T23:42:05.794Z"}
{"level":"error","message":"allo","timestamp":"2024-10-07T23:42:33.799Z"}
{"level":"info","message":"GET /v1/","timestamp":"2024-10-07T23:42:37.342Z"}
{"level":"info","message":"GET /","timestamp":"2024-10-07T23:42:40.122Z"}
{"level":"info","message":"GET /v1/users","timestamp":"2024-10-07T23:42:43.428Z"}
{"level":"info","message":"GET /v1/","timestamp":"2024-10-07T23:42:47.409Z"}
{"level":"info","message":"GET /v1/api","timestamp":"2024-10-07T23:43:49.798Z"}
{"level":"info","message":"GET /products/100/10000/10/1000","timestamp":"2024-10-08T00:23:27.801Z"}
{"level":"info","message":"GET /products/100/10000/10/1000","timestamp":"2024-10-08T00:23:35.521Z"}
{"level":"info","message":"GET /v1/products/100/10000/10/1000","timestamp":"2024-10-08T00:24:28.063Z"}
{"level":"info","message":"GET /products/100/10000/10/1000","timestamp":"2024-10-08T00:24:28.072Z"}
{"level":"info","message":"GET /v1/products/100/10000/10/1000","timestamp":"2024-10-08T00:30:34.426Z"}
{"level":"info","message":"GET /products/100/10000/10/1000","timestamp":"2024-10-08T00:30:34.437Z"}
{"level":"info","message":"POST /products","timestamp":"2024-10-08T00:35:33.375Z"}
{"level":"info","message":"POST /products","timestamp":"2024-10-08T00:35:34.672Z"}
{"level":"info","message":"POST /products","timestamp":"2024-10-08T00:35:35.299Z"}
{"level":"info","message":"POST /products","timestamp":"2024-10-08T00:35:35.457Z"}
{"level":"info","message":"POST /products","timestamp":"2024-10-08T00:35:36.892Z"}
{"level":"info","message":"POST /v1/products","timestamp":"2024-10-08T00:37:12.257Z"}
{"level":"info","message":"POST /v1/users/login","timestamp":"2024-10-08T00:37:20.416Z"}
{"level":"info","message":"POST /users/login","timestamp":"2024-10-08T00:37:20.693Z"}
{"level":"info","message":"POST /v1/products","timestamp":"2024-10-08T00:37:22.992Z"}
{"level":"error","message":"STATUS 403 : POST /products","timestamp":"2024-10-08T00:37:23.002Z"}
{"level":"info","message":"POST /products","timestamp":"2024-10-08T00:37:23.073Z"}
{"level":"info","message":"POST /v1/products","timestamp":"2024-10-08T00:45:59.822Z"}
{"level":"error","message":"STATUS 401 : POST /products","timestamp":"2024-10-08T00:45:59.905Z"}
{"level":"info","message":"POST /v1/users/login","timestamp":"2024-10-08T00:46:15.786Z"}
{"level":"info","message":"POST /users/login","timestamp":"2024-10-08T00:46:16.116Z"}
{"level":"info","message":"POST /v1/products","timestamp":"2024-10-08T00:46:25.771Z"}
{"level":"error","message":"STATUS 401 : POST /products","timestamp":"2024-10-08T00:46:25.783Z"}
{"level":"info","message":"PUT /products/1","timestamp":"2024-10-08T00:51:24.044Z"}
{"level":"info","message":"PUT /v1/products/1","timestamp":"2024-10-08T00:51:47.401Z"}
{"level":"error","message":"STATUS 401 : PUT /products/1","timestamp":"2024-10-08T00:51:47.445Z"}
{"level":"info","message":"PUT /v1/products/1","timestamp":"2024-10-08T00:51:55.710Z"}
{"level":"error","message":"STATUS 401 : PUT /products/1","timestamp":"2024-10-08T00:51:55.720Z"}
{"level":"info","message":"PUT /v1/products/1","timestamp":"2024-10-08T00:54:12.783Z"}
{"level":"error","message":"STATUS 401 : PUT /products/1","timestamp":"2024-10-08T00:54:12.840Z"}
{"level":"info","message":"PUT /v1/products/0","timestamp":"2024-10-08T00:54:32.654Z"}
{"level":"error","message":"STATUS 401 : PUT /products/0","timestamp":"2024-10-08T00:54:32.667Z"}
{"level":"info","message":"PUT /v1/products/1","timestamp":"2024-10-08T00:54:35.489Z"}
{"level":"error","message":"STATUS 401 : PUT /products/1","timestamp":"2024-10-08T00:54:35.497Z"}
{"level":"info","message":"DELETE /v1/products/1","timestamp":"2024-10-08T00:59:31.483Z"}
{"level":"error","message":"STATUS 401 : DELETE /products/1","timestamp":"2024-10-08T00:59:31.503Z"}
{"level":"info","message":"DELETE /v1/products/1","timestamp":"2024-10-08T00:59:44.559Z"}
{"level":"error","message":"STATUS 401 : DELETE /products/1","timestamp":"2024-10-08T00:59:44.567Z"}
{"level":"info","message":"POST /users/login","timestamp":"2024-10-08T01:05:50.606Z"}
{"level":"info","message":"POST /v1/users/login","timestamp":"2024-10-08T01:06:13.114Z"}
{"level":"error","message":"STATUS 401 : POST /users/login","timestamp":"2024-10-08T01:06:13.176Z"}
{"level":"info","message":"POST /v1/users/login","timestamp":"2024-10-08T01:10:56.074Z"}
{"level":"info","message":"POST /users/login","timestamp":"2024-10-08T01:10:56.456Z"}
{"level":"info","message":"POST /v1/users/login","timestamp":"2024-10-08T01:11:17.138Z"}
{"level":"error","message":"STATUS 401 : POST /users/login","timestamp":"2024-10-08T01:11:17.140Z"}
{"level":"info","message":"POST /v1/users/login","timestamp":"2024-10-08T01:15:22.492Z"}
{"level":"info","message":"POST /users/login","timestamp":"2024-10-08T01:15:22.922Z"}
{"level":"info","message":"POST /v1/users/signIn","timestamp":"2024-10-08T01:15:30.104Z"}
{"level":"info","message":"POST /users/signIn","timestamp":"2024-10-08T01:15:30.394Z"}
{"level":"info","message":"POST /v1/users/login","timestamp":"2024-10-08T01:24:39.822Z"}
{"level":"info","message":"POST /users/login","timestamp":"2024-10-08T01:24:40.061Z"}
{"level":"info","message":"POST /v1/products","timestamp":"2024-10-08T01:24:57.769Z"}
{"level":"error","message":"STATUS 401 : POST /products","timestamp":"2024-10-08T01:24:57.782Z"}
{"level":"info","message":"PUT /v1/products/1","timestamp":"2024-10-08T01:25:05.754Z"}
{"level":"error","message":"STATUS 401 : PUT /products/1","timestamp":"2024-10-08T01:25:05.762Z"}
{"level":"info","message":"POST /v1/users/signIn","timestamp":"2024-10-08T01:26:26.043Z"}
{"level":"error","message":"STATUS 400 : POST /users/signIn","timestamp":"2024-10-08T01:26:26.091Z"}
{"level":"info","message":"POST /v1/users/signIn","timestamp":"2024-10-08T01:29:14.411Z"}
{"level":"info","message":"POST /users/signIn","timestamp":"2024-10-08T01:29:14.727Z"}
{"level":"info","message":"POST /v1/products","timestamp":"2024-10-08T01:29:27.001Z"}
{"level":"error","message":"STATUS 401 : POST /products","timestamp":"2024-10-08T01:29:27.016Z"}
{"level":"info","message":"POST /v1/users/login","timestamp":"2024-10-08T01:29:34.422Z"}
{"level":"info","message":"POST /users/login","timestamp":"2024-10-08T01:29:34.623Z"}
{"level":"info","message":"POST /v1/users/signIn","timestamp":"2024-10-08T01:29:46.107Z"}
{"level":"info","message":"POST /users/signIn","timestamp":"2024-10-08T01:29:46.316Z"}
{"level":"info","message":"POST /v1/users/signIn","timestamp":"2024-10-08T01:30:27.454Z"}
{"level":"info","message":"POST /users/signIn","timestamp":"2024-10-08T01:30:27.676Z"}
{"level":"info","message":"POST /v1/users/login","timestamp":"2024-10-08T01:31:03.660Z"}
{"level":"info","message":"POST /users/login","timestamp":"2024-10-08T01:31:03.850Z"}
{"level":"info","message":"POST /v1/products","timestamp":"2024-10-08T01:31:14.093Z"}
{"level":"error","message":"STATUS 401 : POST /products","timestamp":"2024-10-08T01:31:14.099Z"}
{"level":"info","message":"GET /v1/products/100/10000/10/1000","timestamp":"2024-10-08T01:31:24.280Z"}
{"level":"info","message":"GET /products/100/10000/10/1000","timestamp":"2024-10-08T01:31:24.283Z"}
{"level":"info","message":"GET /v1/products/100/10000/10/1000","timestamp":"2024-10-08T01:34:20.197Z"}
{"level":"info","message":"GET /products/100/10000/10/1000","timestamp":"2024-10-08T01:34:20.198Z"}
{"level":"info","message":"GET /v1/products/100/10000/10/1000","timestamp":"2024-10-08T01:34:21.351Z"}
{"level":"info","message":"GET /products/100/10000/10/1000","timestamp":"2024-10-08T01:34:21.353Z"}
{"level":"info","message":"GET /v1/products/100/10000/10/1000","timestamp":"2024-10-08T01:34:22.301Z"}
{"level":"info","message":"GET /products/100/10000/10/1000","timestamp":"2024-10-08T01:34:22.302Z"}
{"level":"info","message":"GET /v1/users","timestamp":"2024-10-08T15:33:46.129Z"}
{"level":"info","message":"GET /v1/","timestamp":"2024-10-08T15:33:49.145Z"}
{"level":"info","message":"GET /favicon.ico","timestamp":"2024-10-08T15:33:49.210Z"}
{"level":"info","message":"GET /v1/api","timestamp":"2024-10-08T15:33:53.084Z"}
{"level":"info","message":"GET /v1/products/100/10000/10/1000","timestamp":"2024-10-08T15:41:32.708Z"}
{"level":"info","message":"GET /products/100/10000/10/1000","timestamp":"2024-10-08T15:41:32.712Z"}
{"level":"info","message":"GET /v1/products","timestamp":"2024-10-08T16:13:04.287Z"}
{"level":"info","message":"GET /products","timestamp":"2024-10-08T16:13:04.300Z"}
{"level":"info","message":"GET /v1/products?minPrice=0&maxPrice=600","timestamp":"2024-10-08T17:59:27.324Z"}
{"level":"info","message":"GET /products?minPrice=0&maxPrice=600","timestamp":"2024-10-08T17:59:27.334Z"}
{"level":"info","message":"GET /v1/products?minPrice=0&maxPrice=-1","timestamp":"2024-10-08T17:59:55.201Z"}
{"level":"info","message":"GET /products?minPrice=0&maxPrice=-1","timestamp":"2024-10-08T17:59:55.205Z"}
{"level":"info","message":"GET /v1/products?minPrice=s&maxPrice=-1","timestamp":"2024-10-08T18:00:02.061Z"}
{"level":"info","message":"GET /products?minPrice=s&maxPrice=-1","timestamp":"2024-10-08T18:00:02.063Z"}
{"level":"info","message":"GET /v1/products?minPrice=10000&maxPrice=1000","timestamp":"2024-10-08T18:00:19.888Z"}
{"level":"info","message":"GET /products?minPrice=10000&maxPrice=1000","timestamp":"2024-10-08T18:00:19.892Z"}
{"level":"info","message":"GET /v1/products?minPrice=10000&maxPrice=1000","timestamp":"2024-10-08T18:00:23.303Z"}
{"level":"info","message":"GET /products?minPrice=10000&maxPrice=1000","timestamp":"2024-10-08T18:00:23.306Z"}
{"level":"info","message":"GET /v1/products?minPrice=10000&maxPrice=s","timestamp":"2024-10-08T18:00:33.104Z"}
{"level":"info","message":"GET /products?minPrice=10000&maxPrice=s","timestamp":"2024-10-08T18:00:33.106Z"}
{"level":"info","message":"POST /products","timestamp":"2024-10-08T18:01:31.728Z"}
{"level":"info","message":"POST /v1/products","timestamp":"2024-10-08T18:01:40.466Z"}
{"level":"info","message":"POST /v1/users/login","timestamp":"2024-10-08T18:01:46.839Z"}
{"level":"info","message":"POST /users/login","timestamp":"2024-10-08T18:01:47.071Z"}
{"level":"info","message":"POST /v1/products","timestamp":"2024-10-08T18:01:50.963Z"}
{"level":"error","message":"STATUS 403 : POST /products","timestamp":"2024-10-08T18:01:50.972Z"}
{"level":"error","message":"STATUS 400 : POST /products","timestamp":"2024-10-08T18:01:50.979Z"}
{"level":"info","message":"PUT /v1/products/20","timestamp":"2024-10-08T18:02:19.643Z"}
{"level":"error","message":"STATUS 403 : PUT /products/20","timestamp":"2024-10-08T18:02:19.652Z"}
{"level":"info","message":"PUT /products/20","timestamp":"2024-10-08T18:02:19.716Z"}
{"level":"info","message":"PUT /v1/products/20","timestamp":"2024-10-08T18:02:25.468Z"}
{"level":"error","message":"STATUS 403 : PUT /products/20","timestamp":"2024-10-08T18:02:25.477Z"}
{"level":"info","message":"PUT /products/20","timestamp":"2024-10-08T18:02:25.528Z"}
{"level":"info","message":"PUT /v1/products/20","timestamp":"2024-10-08T18:02:29.347Z"}
{"level":"error","message":"STATUS 403 : PUT /products/20","timestamp":"2024-10-08T18:02:29.359Z"}
{"level":"info","message":"PUT /products/20","timestamp":"2024-10-08T18:02:29.433Z"}
{"level":"info","message":"PUT /v1/products/20","timestamp":"2024-10-08T18:02:35.420Z"}
{"level":"info","message":"PUT /v1/products/20","timestamp":"2024-10-08T18:02:40.396Z"}
{"level":"error","message":"STATUS 403 : PUT /products/20","timestamp":"2024-10-08T18:02:40.404Z"}
{"level":"info","message":"PUT /products/20","timestamp":"2024-10-08T18:02:40.448Z"}
{"level":"info","message":"PUT /v1/products/s","timestamp":"2024-10-08T18:02:46.010Z"}
{"level":"error","message":"STATUS 403 : PUT /products/s","timestamp":"2024-10-08T18:02:46.019Z"}
{"level":"error","message":"STATUS 404 : PUT /products/s","timestamp":"2024-10-08T18:02:46.023Z"}
{"level":"info","message":"DELETE /v1/products/s","timestamp":"2024-10-08T18:03:35.482Z"}
{"level":"error","message":"STATUS 403 : DELETE /products/s","timestamp":"2024-10-08T18:03:35.494Z"}
{"level":"error","message":"STATUS 404 : DELETE /products/s","timestamp":"2024-10-08T18:03:35.504Z"}
{"level":"info","message":"POST /v1/users/login","timestamp":"2024-10-08T18:04:30.491Z"}
{"level":"info","message":"POST /users/login","timestamp":"2024-10-08T18:04:30.660Z"}
{"level":"info","message":"POST /v1/users/login","timestamp":"2024-10-08T18:04:36.034Z"}
{"level":"info","message":"POST /v1/users/login","timestamp":"2024-10-08T18:05:18.699Z"}
{"level":"info","message":"POST /users/login","timestamp":"2024-10-08T18:05:18.816Z"}
{"level":"info","message":"POST /v1/users/login","timestamp":"2024-10-08T18:05:26.015Z"}
{"level":"info","message":"POST /v1/users/login","timestamp":"2024-10-08T18:05:37.548Z"}
{"level":"info","message":"POST /users/login","timestamp":"2024-10-08T18:05:37.639Z"}
{"level":"info","message":"POST /v1/users/login","timestamp":"2024-10-08T18:05:46.463Z"}
{"level":"info","message":"POST /v1/users/login","timestamp":"2024-10-08T18:08:03.891Z"}
{"level":"info","message":"POST /users/login","timestamp":"2024-10-08T18:08:04.017Z"}
{"level":"info","message":"POST /v1/users/login","timestamp":"2024-10-08T18:08:10.611Z"}
{"level":"error","message":"STATUS 400 : POST /users/login","timestamp":"2024-10-08T18:08:10.613Z"}
{"level":"info","message":"POST /v1/users/login","timestamp":"2024-10-08T18:08:55.712Z"}
{"level":"error","message":"STATUS 400 : POST /users/login","timestamp":"2024-10-08T18:08:55.714Z"}
{"level":"info","message":"POST /v1/users/signIn","timestamp":"2024-10-08T18:09:40.010Z"}
{"level":"error","message":"STATUS 400 : POST /users/signIn","timestamp":"2024-10-08T18:09:40.014Z"}
{"level":"info","message":"GET /v1/products?minPrice=10000&maxPrice=0","timestamp":"2024-10-08T18:10:49.777Z"}
{"level":"info","message":"GET /products?minPrice=10000&maxPrice=0","timestamp":"2024-10-08T18:10:49.790Z"}
{"level":"info","message":"GET /v1/products?minPrice=10000&maxPrice=0","timestamp":"2024-10-08T18:11:27.066Z"}
{"level":"info","message":"GET /products?minPrice=10000&maxPrice=0","timestamp":"2024-10-08T18:11:27.074Z"}
{"level":"info","message":"GET /v1/products?minPrice=10000&maxPrice=100","timestamp":"2024-10-08T18:11:42.893Z"}
{"level":"info","message":"GET /products?minPrice=10000&maxPrice=100","timestamp":"2024-10-08T18:11:42.897Z"}
{"level":"info","message":"GET /v1/products?minPrice=10000&maxPrice=100","timestamp":"2024-10-08T18:13:19.988Z"}
{"level":"info","message":"GET /products?minPrice=10000&maxPrice=100","timestamp":"2024-10-08T18:13:19.999Z"}
{"level":"info","message":"GET /v1/products?minPrice=10000&maxPrice=100","timestamp":"2024-10-08T18:14:38.080Z"}
{"level":"info","message":"GET /v1/products?minPrice=10000&maxPrice=100","timestamp":"2024-10-08T18:14:43.656Z"}
{"level":"info","message":"GET /v1/products?minPrice=10000&maxPrice=100","timestamp":"2024-10-08T18:14:45.814Z"}
{"level":"info","message":"GET /v1/products?minPrice=10000&maxPrice=100","timestamp":"2024-10-08T18:15:02.977Z"}
{"level":"info","message":"GET /products?minPrice=10000&maxPrice=100","timestamp":"2024-10-08T18:15:02.990Z"}
{"level":"info","message":"GET /v1/users","timestamp":"2024-10-08T18:15:31.358Z"}
{"level":"info","message":"GET /v1","timestamp":"2024-10-08T18:15:36.072Z"}
{"level":"info","message":"GET /favicon.ico","timestamp":"2024-10-08T18:15:36.150Z"}
{"level":"info","message":"GET /v1/products/100/10000/10/1000","timestamp":"2024-10-08T18:15:47.150Z"}
{"level":"info","message":"GET /products/100/10000/10/1000","timestamp":"2024-10-08T18:15:47.155Z"}
{"level":"info","message":"GET /v1/products?=10000&=100","timestamp":"2024-10-08T18:16:39.798Z"}
{"level":"info","message":"GET /products?=10000&=100","timestamp":"2024-10-08T18:16:39.800Z"}
{"level":"info","message":"GET /v1/products?=10000&=100","timestamp":"2024-10-08T18:16:42.146Z"}
{"level":"info","message":"GET /products?=10000&=100","timestamp":"2024-10-08T18:16:42.153Z"}
{"level":"info","message":"GET /v1/products/10000/100/200/100","timestamp":"2024-10-08T18:17:04.480Z"}
{"level":"error","message":"STATUS 400 : GET /products/10000/100/200/100","timestamp":"2024-10-08T18:17:04.482Z"}
{"level":"info","message":"GET /v1/products/10000/10000/200/100","timestamp":"2024-10-08T18:17:13.644Z"}
{"level":"error","message":"STATUS 400 : GET /products/10000/10000/200/100","timestamp":"2024-10-08T18:17:13.646Z"}
{"level":"info","message":"GET /v1/products/10000/100000/200/1000","timestamp":"2024-10-08T18:17:19.505Z"}
{"level":"info","message":"GET /products/10000/100000/200/1000","timestamp":"2024-10-08T18:17:19.510Z"}
{"level":"info","message":"GET /v1/products/10000/100000/200/s","timestamp":"2024-10-08T18:17:22.389Z"}
{"level":"info","message":"GET /products/10000/100000/200/s","timestamp":"2024-10-08T18:17:22.392Z"}
{"level":"info","message":"GET /v1/products/0/100000/200/s","timestamp":"2024-10-08T18:17:30.252Z"}
{"level":"info","message":"GET /products/0/100000/200/s","timestamp":"2024-10-08T18:17:30.254Z"}
{"level":"info","message":"GET /v1/products/0/100000/-1/s","timestamp":"2024-10-08T18:17:38.220Z"}
{"level":"error","message":"STATUS 400 : GET /products/0/100000/-1/s","timestamp":"2024-10-08T18:17:38.224Z"}
{"level":"info","message":"GET /v1/products/0/s/1/100000","timestamp":"2024-10-08T18:18:08.373Z"}
{"level":"info","message":"GET /products/0/s/1/100000","timestamp":"2024-10-08T18:18:08.376Z"}
{"level":"info","message":"GET /v1/products/0/s/1/100000","timestamp":"2024-10-08T18:19:28.864Z"}
{"level":"info","message":"GET /products/0/s/1/100000","timestamp":"2024-10-08T18:19:28.876Z"}
{"level":"info","message":"GET /v1/products/0/100/1/100000","timestamp":"2024-10-08T18:19:34.583Z"}
{"level":"info","message":"GET /products/0/100/1/100000","timestamp":"2024-10-08T18:19:34.587Z"}
{"level":"info","message":"GET /v1/products/0/100/1/100000","timestamp":"2024-10-08T18:19:50.680Z"}
{"level":"info","message":"GET /products/0/100/1/100000","timestamp":"2024-10-08T18:19:50.685Z"}
{"level":"info","message":"GET /v1/products/0/100/1/-1","timestamp":"2024-10-08T18:20:00.401Z"}
{"level":"error","message":"STATUS 400 : GET /products/0/100/1/-1","timestamp":"2024-10-08T18:20:00.404Z"}
{"level":"info","message":"GET /v1/products/200/100/1/-1","timestamp":"2024-10-08T18:20:07.368Z"}
{"level":"error","message":"STATUS 400 : GET /products/200/100/1/-1","timestamp":"2024-10-08T18:20:07.372Z"}
{"level":"info","message":"POST /v1/users/login","timestamp":"2024-10-08T18:20:28.304Z"}
{"level":"error","message":"STATUS 400 : POST /users/login","timestamp":"2024-10-08T18:20:28.339Z"}
{"level":"info","message":"GET /products/0/100","timestamp":"2024-11-15T01:07:15.862Z"}
{"level":"info","message":"GET /v1/products/0/100","timestamp":"2024-11-15T01:07:22.524Z"}
{"level":"info","message":"GET /products/0/100","timestamp":"2024-11-15T01:07:22.532Z"}
{"level":"info","message":"GET /favicon.ico","timestamp":"2024-11-15T01:07:22.702Z"}
{"level":"info","message":"GET /v2/products/0/100","timestamp":"2024-11-15T01:07:34.515Z"}
{"level":"error","message":"STATUS 400 : GET /products/0/100","timestamp":"2024-11-15T01:07:34.517Z"}
{"level":"info","message":"GET /v2/products/0/100","timestamp":"2024-11-15T01:08:56.005Z"}
{"level":"error","message":"STATUS 400 : GET /products/0/100","timestamp":"2024-11-15T01:08:56.006Z"}
{"level":"info","message":"GET /v2/products/0/100","timestamp":"2024-11-15T01:09:18.008Z"}
{"level":"info","message":"STATUS 200: GET /products/0/100","timestamp":"2024-11-15T01:09:18.036Z"}
{"level":"info","message":"GET /v2/products/0/1000","timestamp":"2024-11-15T01:09:25.283Z"}
{"level":"info","message":"STATUS 200: GET /products/0/1000","timestamp":"2024-11-15T01:09:25.306Z"}
{"level":"info","message":"GET /v2/products/0/1000/1","timestamp":"2024-11-15T01:09:34.270Z"}
{"level":"info","message":"STATUS 200: GET /products/0/1000/1","timestamp":"2024-11-15T01:09:34.294Z"}
{"level":"info","message":"GET /v2/products/0/1000/1/0","timestamp":"2024-11-15T01:09:39.031Z"}
{"level":"info","message":"STATUS 200: GET /products/0/1000/1/0","timestamp":"2024-11-15T01:09:39.063Z"}
{"level":"info","message":"GET /v2/products/0/1000/1/1000","timestamp":"2024-11-15T01:09:48.636Z"}
{"level":"info","message":"STATUS 200: GET /products/0/1000/1/1000","timestamp":"2024-11-15T01:09:48.656Z"}
{"level":"info","message":"GET /v2/products/0/1000/1/-1","timestamp":"2024-11-15T01:09:58.753Z"}
{"level":"error","message":"STATUS 400 : GET /products/0/1000/1/-1","timestamp":"2024-11-15T01:09:58.754Z"}
{"level":"info","message":"GET /v2/products/0/1000/1/10000","timestamp":"2024-11-15T01:10:03.336Z"}
{"level":"info","message":"STATUS 200: GET /products/0/1000/1/10000","timestamp":"2024-11-15T01:10:03.355Z"}
{"level":"info","message":"GET /v2/products/0/1000/1000/10000","timestamp":"2024-11-15T01:10:07.948Z"}
{"level":"info","message":"STATUS 200: GET /products/0/1000/1000/10000","timestamp":"2024-11-15T01:10:07.965Z"}
{"level":"info","message":"GET /v2/products/0/1000/10/10000","timestamp":"2024-11-15T01:10:11.517Z"}
{"level":"info","message":"STATUS 200: GET /products/0/1000/10/10000","timestamp":"2024-11-15T01:10:11.537Z"}
{"level":"info","message":"GET /v2/products/0/1000/30/10000","timestamp":"2024-11-15T01:10:19.604Z"}
{"level":"info","message":"STATUS 200: GET /products/0/1000/30/10000","timestamp":"2024-11-15T01:10:19.623Z"}
{"level":"info","message":"GET /v2/products/0/1000/30/200","timestamp":"2024-11-15T01:10:26.728Z"}
{"level":"info","message":"STATUS 200: GET /products/0/1000/30/200","timestamp":"2024-11-15T01:10:26.748Z"}
{"level":"info","message":"GET /v2/products/0/1000/30/200","timestamp":"2024-11-15T01:10:33.064Z"}
{"level":"info","message":"STATUS 200: GET /products/0/1000/30/200","timestamp":"2024-11-15T01:10:33.082Z"}
{"level":"info","message":"GET /v2/products/0/1000/30/20","timestamp":"2024-11-15T01:10:35.609Z"}
{"level":"error","message":"STATUS 400 : GET /products/0/1000/30/20","timestamp":"2024-11-15T01:10:35.611Z"}
{"level":"info","message":"GET /v2/products/0/1000/30/200","timestamp":"2024-11-15T01:10:38.792Z"}
{"level":"info","message":"STATUS 200: GET /products/0/1000/30/200","timestamp":"2024-11-15T01:10:38.814Z"}
{"level":"info","message":"GET /v2/products/20/1/30/200","timestamp":"2024-11-15T01:10:45.523Z"}
{"level":"error","message":"STATUS 400 : GET /products/20/1/30/200","timestamp":"2024-11-15T01:10:45.524Z"}
{"level":"info","message":"GET /v2/products/0/10/30/200","timestamp":"2024-11-15T01:10:56.532Z"}
{"level":"info","message":"STATUS 200: GET /products/0/10/30/200","timestamp":"2024-11-15T01:10:56.549Z"}
{"level":"info","message":"GET /v2/products/0/9.99/30/200","timestamp":"2024-11-15T01:11:02.711Z"}
{"level":"info","message":"STATUS 200: GET /products/0/9.99/30/200","timestamp":"2024-11-15T01:11:02.729Z"}
{"level":"info","message":"GET /v1/products/0/9.99/30/200","timestamp":"2024-11-15T01:11:19.816Z"}
{"level":"info","message":"GET /products/0/9.99/30/200","timestamp":"2024-11-15T01:11:19.822Z"}
{"level":"info","message":"GET /v1/products/0/7.95/30/200","timestamp":"2024-11-15T01:11:29.449Z"}
{"level":"info","message":"GET /products/0/7.95/30/200","timestamp":"2024-11-15T01:11:29.453Z"}
{"level":"info","message":"GET /v2/products/0/100/1/100000","timestamp":"2024-11-15T01:19:26.880Z"}
{"level":"info","message":"STATUS 200: GET /products/0/100/1/100000","timestamp":"2024-11-15T01:19:26.896Z"}
{"level":"info","message":"POST /v2/products","timestamp":"2024-11-15T01:19:34.906Z"}
{"level":"info","message":"POST /v2/users/login","timestamp":"2024-11-15T01:20:03.769Z"}
{"level":"info","message":"POST /users/login","timestamp":"2024-11-15T01:20:03.892Z"}
{"level":"info","message":"POST /v2/products","timestamp":"2024-11-15T01:20:10.004Z"}
{"level":"error","message":"STATUS 403 : POST /products","timestamp":"2024-11-15T01:20:10.008Z"}
{"level":"info","message":"STATUS 201: POST /products","timestamp":"2024-11-15T01:20:10.042Z"}
{"level":"info","message":"POST /v2/products","timestamp":"2024-11-15T01:21:20.694Z"}
{"level":"error","message":"STATUS 403 : POST /products","timestamp":"2024-11-15T01:21:20.702Z"}
{"level":"error","message":"STATUS 400 : POST /products","timestamp":"2024-11-15T01:21:20.705Z"}
{"level":"info","message":"POST /v2/products","timestamp":"2024-11-15T01:21:32.101Z"}
{"level":"error","message":"STATUS 403 : POST /products","timestamp":"2024-11-15T01:21:32.110Z"}
{"level":"error","message":"STATUS 400 : POST /products","timestamp":"2024-11-15T01:21:32.114Z"}
{"level":"info","message":"POST /v2/products","timestamp":"2024-11-15T01:21:38.360Z"}
{"level":"info","message":"POST /v2/products","timestamp":"2024-11-15T01:21:53.640Z"}
{"level":"error","message":"STATUS 403 : POST /products","timestamp":"2024-11-15T01:21:53.645Z"}
{"level":"error","message":"STATUS 500: POST /products","timestamp":"2024-11-15T01:21:53.666Z"}
{"level":"info","message":"POST /v2/products","timestamp":"2024-11-15T01:22:21.234Z"}
{"level":"error","message":"STATUS 403 : POST /products","timestamp":"2024-11-15T01:22:21.241Z"}
{"level":"error","message":"STATUS 400 : POST /products","timestamp":"2024-11-15T01:22:21.245Z"}
{"level":"info","message":"POST /v2/products","timestamp":"2024-11-15T01:22:27.644Z"}
{"level":"error","message":"STATUS 403 : POST /products","timestamp":"2024-11-15T01:22:27.652Z"}
{"level":"error","message":"STATUS 400 : POST /products","timestamp":"2024-11-15T01:22:27.655Z"}
{"level":"info","message":"POST /v2/products","timestamp":"2024-11-15T01:22:30.870Z"}
{"level":"error","message":"STATUS 403 : POST /products","timestamp":"2024-11-15T01:22:30.878Z"}
{"level":"error","message":"STATUS 500: POST /products","timestamp":"2024-11-15T01:22:30.906Z"}
{"level":"info","message":"PUT /v2/products/20","timestamp":"2024-11-15T01:29:00.288Z"}
{"level":"error","message":"STATUS 403 : PUT /products/20","timestamp":"2024-11-15T01:29:00.320Z"}
{"level":"error","message":"STATUS 500: PUT /products/20","timestamp":"2024-11-15T01:29:00.365Z"}
{"level":"info","message":"PUT /v2/products/21","timestamp":"2024-11-15T01:29:42.661Z"}
{"level":"error","message":"STATUS 403 : PUT /products/21","timestamp":"2024-11-15T01:29:42.666Z"}
{"level":"info","message":"STATUS 200: PUT /products/21","timestamp":"2024-11-15T01:29:42.707Z"}
{"level":"info","message":"PUT /v2/products/23","timestamp":"2024-11-15T01:30:19.121Z"}
{"level":"error","message":"STATUS 403 : PUT /products/23","timestamp":"2024-11-15T01:30:19.125Z"}
{"level":"info","message":"STATUS 200: PUT /products/23","timestamp":"2024-11-15T01:30:19.163Z"}
{"level":"info","message":"PUT /v2/products/23","timestamp":"2024-11-15T01:31:31.185Z"}
{"level":"error","message":"STATUS 403 : PUT /products/23","timestamp":"2024-11-15T01:31:31.214Z"}
{"level":"info","message":"STATUS 200: PUT /products/23","timestamp":"2024-11-15T01:31:31.267Z"}
{"level":"info","message":"POST /v2/products","timestamp":"2024-11-15T01:31:59.570Z"}
{"level":"error","message":"STATUS 403 : POST /products","timestamp":"2024-11-15T01:31:59.583Z"}
{"level":"info","message":"STATUS 201: POST /products","timestamp":"2024-11-15T01:31:59.611Z"}
{"level":"info","message":"PUT /v2/products/23","timestamp":"2024-11-15T01:32:02.527Z"}
{"level":"error","message":"STATUS 403 : PUT /products/23","timestamp":"2024-11-15T01:32:02.538Z"}
{"level":"error","message":"STATUS 400 : PUT /products/23","timestamp":"2024-11-15T01:32:02.585Z"}
{"level":"info","message":"PUT /v2/products/23","timestamp":"2024-11-15T01:32:10.199Z"}
{"level":"error","message":"STATUS 403 : PUT /products/23","timestamp":"2024-11-15T01:32:10.205Z"}
{"level":"error","message":"STATUS 400 : PUT /products/23","timestamp":"2024-11-15T01:32:10.249Z"}
{"level":"info","message":"PUT /v2/products/23","timestamp":"2024-11-15T01:32:11.639Z"}
{"level":"error","message":"STATUS 403 : PUT /products/23","timestamp":"2024-11-15T01:32:11.649Z"}
{"level":"error","message":"STATUS 400 : PUT /products/23","timestamp":"2024-11-15T01:32:11.691Z"}
{"level":"info","message":"PUT /v2/products/23","timestamp":"2024-11-15T01:34:19.451Z"}
{"level":"error","message":"STATUS 403 : PUT /products/23","timestamp":"2024-11-15T01:34:19.478Z"}
{"level":"info","message":"STATUS 200: PUT /products/23","timestamp":"2024-11-15T01:34:19.542Z"}
{"level":"info","message":"PUT /v2/products/23","timestamp":"2024-11-15T01:34:57.776Z"}
{"level":"error","message":"STATUS 403 : PUT /products/23","timestamp":"2024-11-15T01:34:57.802Z"}
{"level":"error","message":"STATUS 404 : PUT /products/23","timestamp":"2024-11-15T01:34:57.823Z"}
{"level":"info","message":"PUT /v2/products/23","timestamp":"2024-11-15T01:38:06.006Z"}
{"level":"error","message":"STATUS 403 : PUT /products/23","timestamp":"2024-11-15T01:38:06.037Z"}
{"level":"error","message":"STATUS 400 : PUT /products/23","timestamp":"2024-11-15T01:38:06.040Z"}
{"level":"info","message":"PUT /v2/products/22","timestamp":"2024-11-15T01:38:10.271Z"}
{"level":"error","message":"STATUS 403 : PUT /products/22","timestamp":"2024-11-15T01:38:10.281Z"}
{"level":"error","message":"STATUS 400 : PUT /products/22","timestamp":"2024-11-15T01:38:10.285Z"}
{"level":"info","message":"PUT /v2/products/22","timestamp":"2024-11-15T01:38:53.260Z"}
{"level":"error","message":"STATUS 403 : PUT /products/22","timestamp":"2024-11-15T01:38:53.292Z"}
{"level":"error","message":"STATUS 404 : PUT /products/22","timestamp":"2024-11-15T01:38:53.319Z"}
{"level":"info","message":"PUT /v2/products/23","timestamp":"2024-11-15T01:38:57.495Z"}
{"level":"error","message":"STATUS 403 : PUT /products/23","timestamp":"2024-11-15T01:38:57.504Z"}
{"level":"error","message":"STATUS 400 : PUT /products/23","timestamp":"2024-11-15T01:38:57.508Z"}
{"level":"info","message":"PUT /v2/products/22","timestamp":"2024-11-15T01:39:15.216Z"}
{"level":"error","message":"STATUS 403 : PUT /products/22","timestamp":"2024-11-15T01:39:15.220Z"}
{"level":"error","message":"STATUS 404 : PUT /products/22","timestamp":"2024-11-15T01:39:15.245Z"}
{"level":"info","message":"PUT /v2/products/22","timestamp":"2024-11-15T01:39:19.636Z"}
{"level":"error","message":"STATUS 403 : PUT /products/22","timestamp":"2024-11-15T01:39:19.639Z"}
{"level":"error","message":"STATUS 400 : PUT /products/22","timestamp":"2024-11-15T01:39:19.641Z"}
{"level":"info","message":"PUT /v2/products/22","timestamp":"2024-11-15T01:39:26.385Z"}
{"level":"error","message":"STATUS 403 : PUT /products/22","timestamp":"2024-11-15T01:39:26.391Z"}
{"level":"error","message":"STATUS 400 : PUT /products/22","timestamp":"2024-11-15T01:39:26.394Z"}
{"level":"info","message":"PUT /v2/products/22","timestamp":"2024-11-15T01:39:29.577Z"}
{"level":"error","message":"STATUS 403 : PUT /products/22","timestamp":"2024-11-15T01:39:29.582Z"}
{"level":"error","message":"STATUS 404 : PUT /products/22","timestamp":"2024-11-15T01:39:29.603Z"}
{"level":"info","message":"PUT /v2/products/22","timestamp":"2024-11-15T01:40:49.900Z"}
{"level":"error","message":"STATUS 403 : PUT /products/22","timestamp":"2024-11-15T01:40:49.904Z"}
{"level":"error","message":"STATUS 404 : PUT /products/22","timestamp":"2024-11-15T01:40:49.922Z"}
{"level":"info","message":"PUT /v2/products/22","timestamp":"2024-11-15T01:41:15.312Z"}
{"level":"error","message":"STATUS 403 : PUT /products/22","timestamp":"2024-11-15T01:41:15.337Z"}
{"level":"error","message":"STATUS 404 : PUT /products/22","timestamp":"2024-11-15T01:41:15.358Z"}
{"level":"info","message":"PUT /v2/products/20","timestamp":"2024-11-15T01:41:21.083Z"}
{"level":"error","message":"STATUS 403 : PUT /products/20","timestamp":"2024-11-15T01:41:21.090Z"}
{"level":"error","message":"STATUS 500: PUT /products/20","timestamp":"2024-11-15T01:41:21.134Z"}
{"level":"info","message":"PUT /v2/products/20","timestamp":"2024-11-15T01:42:00.077Z"}
{"level":"error","message":"STATUS 403 : PUT /products/20","timestamp":"2024-11-15T01:42:00.082Z"}
{"level":"error","message":"STATUS 500: PUT /products/20","timestamp":"2024-11-15T01:42:00.119Z"}
{"level":"info","message":"PUT /v2/products/20","timestamp":"2024-11-15T01:42:25.718Z"}
{"level":"error","message":"STATUS 403 : PUT /products/20","timestamp":"2024-11-15T01:42:25.722Z"}
{"level":"error","message":"STATUS 400 : PUT /products/20","timestamp":"2024-11-15T01:42:25.724Z"}
{"level":"info","message":"PUT /v2/products/21","timestamp":"2024-11-15T01:42:29.534Z"}
{"level":"error","message":"STATUS 403 : PUT /products/21","timestamp":"2024-11-15T01:42:29.539Z"}
{"level":"error","message":"STATUS 404 : PUT /products/21","timestamp":"2024-11-15T01:42:29.557Z"}
{"level":"info","message":"PUT /v2/products/21","timestamp":"2024-11-15T01:55:29.331Z"}
{"level":"error","message":"STATUS 403 : PUT /products/21","timestamp":"2024-11-15T01:55:29.396Z"}
{"level":"error","message":"STATUS 404 : PUT /products/21","timestamp":"2024-11-15T01:55:29.438Z"}
{"level":"info","message":"PUT /v2/products/21","timestamp":"2024-11-15T01:55:33.389Z"}
{"level":"error","message":"STATUS 403 : PUT /products/21","timestamp":"2024-11-15T01:55:33.399Z"}
{"level":"error","message":"STATUS 404 : PUT /products/21","timestamp":"2024-11-15T01:55:33.427Z"}
{"level":"info","message":"PUT /v2/products/6736aa0562c19b3d5da899d9","timestamp":"2024-11-15T01:55:45.724Z"}
{"level":"error","message":"STATUS 403 : PUT /products/6736aa0562c19b3d5da899d9","timestamp":"2024-11-15T01:55:45.733Z"}
{"level":"error","message":"STATUS 500: PUT /products/6736aa0562c19b3d5da899d9","timestamp":"2024-11-15T01:55:45.770Z"}
{"level":"info","message":"PUT /v2/products/6736aa0562c19b3d5da899d9","timestamp":"2024-11-15T01:58:01.457Z"}
{"level":"error","message":"STATUS 403 : PUT /products/6736aa0562c19b3d5da899d9","timestamp":"2024-11-15T01:58:01.488Z"}
{"level":"error","message":"STATUS 500: PUT /products/6736aa0562c19b3d5da899d9","timestamp":"2024-11-15T01:58:01.509Z"}
{"level":"info","message":"PUT /v2/products/6736aa0562c19b3d5da899d9","timestamp":"2024-11-15T01:58:47.615Z"}
{"level":"error","message":"STATUS 403 : PUT /products/6736aa0562c19b3d5da899d9","timestamp":"2024-11-15T01:58:47.641Z"}
{"level":"error","message":"STATUS 500: PUT /products/6736aa0562c19b3d5da899d9","timestamp":"2024-11-15T01:58:47.662Z"}
{"level":"info","message":"PUT /v2/products/6736aa0562c19b3d5da899d9","timestamp":"2024-11-15T02:02:21.611Z"}
{"level":"error","message":"STATUS 403 : PUT /products/6736aa0562c19b3d5da899d9","timestamp":"2024-11-15T02:02:21.635Z"}
{"level":"error","message":"STATUS 500: PUT /products/6736aa0562c19b3d5da899d9","timestamp":"2024-11-15T02:02:21.652Z"}
{"level":"info","message":"PUT /v2/products/6736aa0562c19b3d5da899d9","timestamp":"2024-11-15T02:04:57.141Z"}
{"level":"error","message":"STATUS 403 : PUT /products/6736aa0562c19b3d5da899d9","timestamp":"2024-11-15T02:04:57.172Z"}
{"level":"error","message":"STATUS 500: PUT /products/6736aa0562c19b3d5da899d9","timestamp":"2024-11-15T02:04:57.190Z"}
{"level":"info","message":"PUT /v2/products/6736aa0562c19b3d5da899d9","timestamp":"2024-11-15T02:09:43.624Z"}
{"level":"error","message":"STATUS 403 : PUT /products/6736aa0562c19b3d5da899d9","timestamp":"2024-11-15T02:09:43.667Z"}
{"level":"error","message":"STATUS 404 : PUT /products/6736aa0562c19b3d5da899d9","timestamp":"2024-11-15T02:09:43.712Z"}
{"level":"info","message":"PUT /v2/products/6736ad519d09916f31cde74a","timestamp":"2024-11-15T02:09:58.382Z"}
{"level":"error","message":"STATUS 403 : PUT /products/6736ad519d09916f31cde74a","timestamp":"2024-11-15T02:09:58.388Z"}
{"level":"error","message":"STATUS 404 : PUT /products/6736ad519d09916f31cde74a","timestamp":"2024-11-15T02:09:58.411Z"}
{"level":"info","message":"PUT /v2/products/6736ad519d09916f31cde74a","timestamp":"2024-11-15T02:10:07.436Z"}
{"level":"error","message":"STATUS 403 : PUT /products/6736ad519d09916f31cde74a","timestamp":"2024-11-15T02:10:07.441Z"}
{"level":"error","message":"STATUS 404 : PUT /products/6736ad519d09916f31cde74a","timestamp":"2024-11-15T02:10:07.459Z"}
{"level":"info","message":"PUT /v2/products/6736adee00352c1c6309535c","timestamp":"2024-11-15T02:12:17.007Z"}
{"level":"error","message":"STATUS 403 : PUT /products/6736adee00352c1c6309535c","timestamp":"2024-11-15T02:12:17.028Z"}
{"level":"error","message":"STATUS 500: PUT /products/6736adee00352c1c6309535c","timestamp":"2024-11-15T02:12:17.036Z"}
{"level":"info","message":"PUT /v2/products/6736adee00352c1c6309535c","timestamp":"2024-11-15T02:13:11.953Z"}
{"level":"error","message":"STATUS 403 : PUT /products/6736adee00352c1c6309535c","timestamp":"2024-11-15T02:13:11.984Z"}
{"level":"error","message":"STATUS 500: PUT /products/6736adee00352c1c6309535c","timestamp":"2024-11-15T02:13:11.993Z"}
{"level":"info","message":"PUT /v2/products/6736aeee7c0e08b20ffde423","timestamp":"2024-11-15T02:16:30.642Z"}
{"level":"error","message":"STATUS 403 : PUT /products/6736aeee7c0e08b20ffde423","timestamp":"2024-11-15T02:16:30.690Z"}
{"level":"info","message":"STATUS 200: PUT /products/6736aeee7c0e08b20ffde423","timestamp":"2024-11-15T02:16:30.776Z"}
{"level":"info","message":"PUT /v2/products/6736aeee7c0e08b20ffde423","timestamp":"2024-11-15T02:16:55.568Z"}
{"level":"error","message":"STATUS 403 : PUT /products/6736aeee7c0e08b20ffde423","timestamp":"2024-11-15T02:16:55.576Z"}
{"level":"info","message":"STATUS 200: PUT /products/6736aeee7c0e08b20ffde423","timestamp":"2024-11-15T02:16:55.629Z"}
{"level":"info","message":"PUT /v2/products/6736aeee7c0e08b20ffde423","timestamp":"2024-11-15T02:17:12.931Z"}
{"level":"error","message":"STATUS 403 : PUT /products/6736aeee7c0e08b20ffde423","timestamp":"2024-11-15T02:17:12.935Z"}
{"level":"error","message":"STATUS 400 : PUT /products/6736aeee7c0e08b20ffde423","timestamp":"2024-11-15T02:17:12.937Z"}
{"level":"info","message":"PUT /v2/products/6736aeee7c0e08b20ffde423","timestamp":"2024-11-15T02:17:16.819Z"}
{"level":"error","message":"STATUS 403 : PUT /products/6736aeee7c0e08b20ffde423","timestamp":"2024-11-15T02:17:16.823Z"}
{"level":"info","message":"STATUS 200: PUT /products/6736aeee7c0e08b20ffde423","timestamp":"2024-11-15T02:17:16.857Z"}
{"level":"info","message":"PUT /v2/products/6736aeee7c0e08b20ffde423","timestamp":"2024-11-15T02:17:31.955Z"}
{"level":"error","message":"STATUS 403 : PUT /products/6736aeee7c0e08b20ffde423","timestamp":"2024-11-15T02:17:31.963Z"}
{"level":"error","message":"STATUS 400 : PUT /products/6736aeee7c0e08b20ffde423","timestamp":"2024-11-15T02:17:31.964Z"}
{"level":"info","message":"PUT /v2/products/6736aeee7c0e08b20ffde423","timestamp":"2024-11-15T02:17:37.985Z"}
{"level":"error","message":"STATUS 403 : PUT /products/6736aeee7c0e08b20ffde423","timestamp":"2024-11-15T02:17:37.988Z"}
{"level":"info","message":"STATUS 200: PUT /products/6736aeee7c0e08b20ffde423","timestamp":"2024-11-15T02:17:38.018Z"}
{"level":"info","message":"PUT /v2/products/6736aeee7c0e08b20ffde42","timestamp":"2024-11-15T02:17:40.221Z"}
{"level":"info","message":"PUT /v2/products/6736aeee7c0e08b20ffde422","timestamp":"2024-11-15T02:18:16.409Z"}
{"level":"error","message":"STATUS 403 : PUT /products/6736aeee7c0e08b20ffde422","timestamp":"2024-11-15T02:18:16.438Z"}
{"level":"error","message":"STATUS 404 : PUT /products/6736aeee7c0e08b20ffde422","timestamp":"2024-11-15T02:18:16.461Z"}
{"level":"info","message":"PUT /v2/products/6736aeee7c0e08b20ffde4222","timestamp":"2024-11-15T02:18:19.390Z"}
{"level":"error","message":"STATUS 403 : PUT /products/6736aeee7c0e08b20ffde4222","timestamp":"2024-11-15T02:18:19.400Z"}
{"level":"error","message":"STATUS 500: PUT /products/6736aeee7c0e08b20ffde4222","timestamp":"2024-11-15T02:18:19.404Z"}
{"level":"info","message":"PUT /v2/products/6736aeee7c0e08b20ffde4222","timestamp":"2024-11-15T02:19:35.758Z"}
{"level":"error","message":"STATUS 403 : PUT /products/6736aeee7c0e08b20ffde4222","timestamp":"2024-11-15T02:19:35.787Z"}
{"level":"error","message":"STATUS 500: PUT /products/6736aeee7c0e08b20ffde4222","timestamp":"2024-11-15T02:19:35.792Z"}
{"level":"info","message":"PUT /v2/products/6736aeee7c0e08b20ffde4222","timestamp":"2024-11-15T02:20:25.668Z"}
{"level":"info","message":"POST /v2/users/login","timestamp":"2024-11-15T02:20:31.869Z"}
{"level":"info","message":"POST /users/login","timestamp":"2024-11-15T02:20:32.137Z"}
{"level":"info","message":"PUT /v2/products/6736aeee7c0e08b20ffde4222","timestamp":"2024-11-15T02:20:36.621Z"}
{"level":"error","message":"STATUS 403 : PUT /products/6736aeee7c0e08b20ffde4222","timestamp":"2024-11-15T02:20:36.630Z"}
{"level":"error","message":"STATUS 500: PUT /products/6736aeee7c0e08b20ffde4222","timestamp":"2024-11-15T02:20:36.635Z"}
{"level":"info","message":"PUT /v2/","timestamp":"2024-11-15T02:23:36.788Z"}
{"level":"info","message":"PUT /v2/a","timestamp":"2024-11-15T02:23:40.544Z"}
{"level":"info","message":"PUT /v2/products/","timestamp":"2024-11-15T02:23:49.624Z"}
{"level":"info","message":"PUT /v2/products/6736aeee7c0e08b20ffde4","timestamp":"2024-11-15T02:23:55.756Z"}
{"level":"error","message":"STATUS 403 : PUT /products/6736aeee7c0e08b20ffde4","timestamp":"2024-11-15T02:23:55.792Z"}
{"level":"error","message":"STATUS 500: PUT /products/6736aeee7c0e08b20ffde4","timestamp":"2024-11-15T02:23:55.801Z"}
{"level":"info","message":"PUT /v2/products/6736aeee7c0e08b20ffde4222","timestamp":"2024-11-15T02:24:02.867Z"}
{"level":"error","message":"STATUS 403 : PUT /products/6736aeee7c0e08b20ffde4222","timestamp":"2024-11-15T02:24:02.874Z"}
{"level":"error","message":"STATUS 500: PUT /products/6736aeee7c0e08b20ffde4222","timestamp":"2024-11-15T02:24:02.878Z"}
{"level":"info","message":"PUT /v2/products/6736aeee7c0e08b20ffde422","timestamp":"2024-11-15T02:24:05.386Z"}
{"level":"error","message":"STATUS 403 : PUT /products/6736aeee7c0e08b20ffde422","timestamp":"2024-11-15T02:24:05.394Z"}
{"level":"error","message":"STATUS 404 : PUT /products/6736aeee7c0e08b20ffde422","timestamp":"2024-11-15T02:24:05.426Z"}
{"level":"info","message":"PUT /v2/products/","timestamp":"2024-11-15T02:24:51.771Z"}
{"level":"info","message":"PUT /v2/products/6736aeee7c0e08b20ffde422","timestamp":"2024-11-15T02:25:07.820Z"}
{"level":"error","message":"STATUS 403 : PUT /products/6736aeee7c0e08b20ffde422","timestamp":"2024-11-15T02:25:07.824Z"}
{"level":"error","message":"STATUS 404 : PUT /products/6736aeee7c0e08b20ffde422","timestamp":"2024-11-15T02:25:07.840Z"}
{"level":"info","message":"PUT /v2/products/6736aeee7c0e08b20ffde422","timestamp":"2024-11-15T02:36:54.151Z"}
{"level":"error","message":"STATUS 403 : PUT /products/6736aeee7c0e08b20ffde422","timestamp":"2024-11-15T02:36:54.155Z"}
{"level":"error","message":"STATUS 404 : PUT /products/6736aeee7c0e08b20ffde422","timestamp":"2024-11-15T02:36:54.171Z"}
{"level":"info","message":"PUT /v2/products/6736aeee7c0e08b20ffde422","timestamp":"2024-11-15T02:36:55.347Z"}
{"level":"error","message":"STATUS 403 : PUT /products/6736aeee7c0e08b20ffde422","timestamp":"2024-11-15T02:36:55.351Z"}
{"level":"error","message":"STATUS 404 : PUT /products/6736aeee7c0e08b20ffde422","timestamp":"2024-11-15T02:36:55.367Z"}
{"level":"info","message":"PUT /v2/products/6736b0a228d89472aeff6d64","timestamp":"2024-11-15T02:37:15.255Z"}
{"level":"error","message":"STATUS 403 : PUT /products/6736b0a228d89472aeff6d64","timestamp":"2024-11-15T02:37:15.258Z"}
{"level":"info","message":"STATUS 200: PUT /products/6736b0a228d89472aeff6d64","timestamp":"2024-11-15T02:37:15.308Z"}
{"level":"info","message":"PUT /v2/products/6736b0a228d89472aeff6d64","timestamp":"2024-11-15T02:37:17.723Z"}
{"level":"error","message":"STATUS 403 : PUT /products/6736b0a228d89472aeff6d64","timestamp":"2024-11-15T02:37:17.725Z"}
{"level":"info","message":"STATUS 200: PUT /products/6736b0a228d89472aeff6d64","timestamp":"2024-11-15T02:37:17.754Z"}
{"level":"info","message":"PUT /v2/products/6736b0a228d89472aeff6d64","timestamp":"2024-11-15T02:37:18.679Z"}
{"level":"error","message":"STATUS 403 : PUT /products/6736b0a228d89472aeff6d64","timestamp":"2024-11-15T02:37:18.684Z"}
{"level":"info","message":"STATUS 200: PUT /products/6736b0a228d89472aeff6d64","timestamp":"2024-11-15T02:37:18.713Z"}
{"level":"info","message":"PUT /v2/products/6736b0a228d89472aeff6d64","timestamp":"2024-11-15T02:37:19.307Z"}
{"level":"error","message":"STATUS 403 : PUT /products/6736b0a228d89472aeff6d64","timestamp":"2024-11-15T02:37:19.311Z"}
{"level":"info","message":"STATUS 200: PUT /products/6736b0a228d89472aeff6d64","timestamp":"2024-11-15T02:37:19.342Z"}
{"level":"info","message":"PUT /v2/products/6736b0a228d89472aeff6d64","timestamp":"2024-11-15T02:37:19.953Z"}
{"level":"error","message":"STATUS 403 : PUT /products/6736b0a228d89472aeff6d64","timestamp":"2024-11-15T02:37:19.956Z"}
{"level":"info","message":"STATUS 200: PUT /products/6736b0a228d89472aeff6d64","timestamp":"2024-11-15T02:37:19.985Z"}
{"level":"info","message":"PUT /v2/products/6736b0a228d89472aeff6d64","timestamp":"2024-11-15T02:37:20.567Z"}
{"level":"error","message":"STATUS 403 : PUT /products/6736b0a228d89472aeff6d64","timestamp":"2024-11-15T02:37:20.570Z"}
{"level":"info","message":"STATUS 200: PUT /products/6736b0a228d89472aeff6d64","timestamp":"2024-11-15T02:37:20.601Z"}
{"level":"info","message":"PUT /v2/products/6736b0a228d89472aeff6d64","timestamp":"2024-11-15T02:38:06.864Z"}
{"level":"error","message":"STATUS 403 : PUT /products/6736b0a228d89472aeff6d64","timestamp":"2024-11-15T02:38:06.885Z"}
{"level":"error","message":"STATUS 404 : PUT /products/6736b0a228d89472aeff6d64","timestamp":"2024-11-15T02:38:06.907Z"}
{"level":"info","message":"PUT /v2/products/6736b40c435fb21e456d21c4","timestamp":"2024-11-15T02:38:35.485Z"}
{"level":"error","message":"STATUS 403 : PUT /products/6736b40c435fb21e456d21c4","timestamp":"2024-11-15T02:38:35.489Z"}
{"level":"info","message":"STATUS 200: PUT /products/6736b40c435fb21e456d21c4","timestamp":"2024-11-15T02:38:35.534Z"}
{"level":"info","message":"PUT /v2/products/6736b40c435fb21e456d21c4","timestamp":"2024-11-15T02:38:51.375Z"}
{"level":"error","message":"STATUS 403 : PUT /products/6736b40c435fb21e456d21c4","timestamp":"2024-11-15T02:38:51.378Z"}
{"level":"info","message":"STATUS 200: PUT /products/6736b40c435fb21e456d21c4","timestamp":"2024-11-15T02:38:51.407Z"}
{"level":"info","message":"PUT /v2/products/6736b40c435fb21e456d21c","timestamp":"2024-11-15T02:40:06.874Z"}
{"level":"error","message":"STATUS 403 : PUT /products/6736b40c435fb21e456d21c","timestamp":"2024-11-15T02:40:06.877Z"}
{"level":"error","message":"STATUS 500: PUT /products/6736b40c435fb21e456d21c","timestamp":"2024-11-15T02:40:06.879Z"}
{"level":"info","message":"DELETE /v2/products/6736b40c435fb21e456d21c4","timestamp":"2024-11-15T02:43:03.336Z"}
{"level":"error","message":"STATUS 403 : DELETE /products/6736b40c435fb21e456d21c4","timestamp":"2024-11-15T02:43:03.340Z"}
{"level":"error","message":"STATUS 200: DELETE /products/6736b40c435fb21e456d21c4","timestamp":"2024-11-15T02:43:03.375Z"}
{"level":"info","message":"DELETE /v2/products/6736b40c435fb21e456d21c4","timestamp":"2024-11-15T02:45:06.767Z"}
{"level":"error","message":"STATUS 403 : DELETE /products/6736b40c435fb21e456d21c4","timestamp":"2024-11-15T02:45:06.777Z"}
{"level":"error","message":"STATUS 404 : DELETE /products/6736b40c435fb21e456d21c4","timestamp":"2024-11-15T02:45:06.799Z"}
{"level":"info","message":"DELETE /v2/products/6736b5b076af28127fbdec10","timestamp":"2024-11-15T02:46:01.498Z"}
{"level":"error","message":"STATUS 403 : DELETE /products/6736b5b076af28127fbdec10","timestamp":"2024-11-15T02:46:01.501Z"}
{"level":"info","message":"STATUS 204: DELETE /products/6736b5b076af28127fbdec10","timestamp":"2024-11-15T02:46:01.538Z"}
{"level":"info","message":"DELETE /v2/products/6736b5b076af28127fbdec10","timestamp":"2024-11-15T02:46:02.767Z"}
{"level":"error","message":"STATUS 403 : DELETE /products/6736b5b076af28127fbdec10","timestamp":"2024-11-15T02:46:02.770Z"}
{"level":"error","message":"STATUS 404 : DELETE /products/6736b5b076af28127fbdec10","timestamp":"2024-11-15T02:46:02.785Z"}
{"level":"info","message":"DELETE /v2/products/6736b5b076af28127fbdec10","timestamp":"2024-11-15T02:46:04.592Z"}
{"level":"error","message":"STATUS 403 : DELETE /products/6736b5b076af28127fbdec10","timestamp":"2024-11-15T02:46:04.596Z"}
{"level":"error","message":"STATUS 404 : DELETE /products/6736b5b076af28127fbdec10","timestamp":"2024-11-15T02:46:04.611Z"}
{"level":"info","message":"DELETE /v2/products/6736b5b076af28127fbdec10","timestamp":"2024-11-15T02:46:48.173Z"}
{"level":"error","message":"STATUS 403 : DELETE /products/6736b5b076af28127fbdec10","timestamp":"2024-11-15T02:46:48.175Z"}
{"level":"error","message":"STATUS 404 : DELETE /products/6736b5b076af28127fbdec10","timestamp":"2024-11-15T02:46:48.190Z"}
{"level":"info","message":"DELETE /v2/products/6736b5b076af28127fbdec10","timestamp":"2024-11-15T02:48:19.917Z"}
{"level":"error","message":"STATUS 403 : DELETE /products/6736b5b076af28127fbdec10","timestamp":"2024-11-15T02:48:19.928Z"}
{"level":"error","message":"STATUS 404 : DELETE /products/6736b5b076af28127fbdec10","timestamp":"2024-11-15T02:48:19.947Z"}
{"level":"info","message":"DELETE /v2/products/6736b6716e8eb4c9228fe3aa","timestamp":"2024-11-15T02:48:37.246Z"}
{"level":"error","message":"STATUS 403 : DELETE /products/6736b6716e8eb4c9228fe3aa","timestamp":"2024-11-15T02:48:37.252Z"}
{"level":"info","message":"STATUS 204: DELETE /products/6736b6716e8eb4c9228fe3aa","timestamp":"2024-11-15T02:48:37.295Z"}
{"level":"info","message":"DELETE /v2/products/6736b6716e8eb4c9228fe3aa","timestamp":"2024-11-15T02:48:38.972Z"}
{"level":"error","message":"STATUS 403 : DELETE /products/6736b6716e8eb4c9228fe3aa","timestamp":"2024-11-15T02:48:38.980Z"}
{"level":"error","message":"STATUS 404 : DELETE /products/6736b6716e8eb4c9228fe3aa","timestamp":"2024-11-15T02:48:38.999Z"}
{"level":"info","message":"POST /v2/products","timestamp":"2024-11-15T02:52:36.195Z"}
{"level":"error","message":"STATUS 403 : POST /products","timestamp":"2024-11-15T02:52:36.228Z"}
{"level":"info","message":"STATUS 201: POST /products","timestamp":"2024-11-15T02:52:36.262Z"}
{"level":"info","message":"POST /v2/products","timestamp":"2024-11-15T02:52:41.495Z"}
{"level":"error","message":"STATUS 403 : POST /products","timestamp":"2024-11-15T02:52:41.502Z"}
{"level":"info","message":"STATUS 201: POST /products","timestamp":"2024-11-15T02:52:41.527Z"}
{"level":"info","message":"POST /v2/products","timestamp":"2024-11-15T02:53:20.488Z"}
{"level":"error","message":"STATUS 403 : POST /products","timestamp":"2024-11-15T02:53:20.492Z"}
{"level":"error","message":"STATUS 400 : POST /products","timestamp":"2024-11-15T02:53:20.493Z"}
{"level":"info","message":"POST /v2/products","timestamp":"2024-11-15T02:54:26.782Z"}
{"level":"error","message":"STATUS 403 : POST /products","timestamp":"2024-11-15T02:54:26.788Z"}
{"level":"error","message":"STATUS 400 : POST /products","timestamp":"2024-11-15T02:54:26.791Z"}
{"level":"info","message":"POST /v2/products","timestamp":"2024-11-15T02:54:34.967Z"}
{"level":"error","message":"STATUS 403 : POST /products","timestamp":"2024-11-15T02:54:34.972Z"}
{"level":"info","message":"STATUS 201: POST /products","timestamp":"2024-11-15T02:54:34.995Z"}
{"level":"info","message":"PUT /v2/products/6736b40c435fb21e456d21c","timestamp":"2024-11-15T02:54:57.016Z"}
{"level":"error","message":"STATUS 403 : PUT /products/6736b40c435fb21e456d21c","timestamp":"2024-11-15T02:54:57.019Z"}
{"level":"error","message":"STATUS 500: PUT /products/6736b40c435fb21e456d21c","timestamp":"2024-11-15T02:54:57.020Z"}
{"level":"info","message":"PUT /v2/products/6736b6716e8eb4c9228fe3b1","timestamp":"2024-11-15T02:55:41.232Z"}
{"level":"error","message":"STATUS 403 : PUT /products/6736b6716e8eb4c9228fe3b1","timestamp":"2024-11-15T02:55:41.238Z"}
{"level":"error","message":"STATUS 400 : PUT /products/6736b6716e8eb4c9228fe3b1","timestamp":"2024-11-15T02:55:41.242Z"}
{"level":"info","message":"PUT /v2/products/6736b6716e8eb4c9228fe3b1","timestamp":"2024-11-15T03:05:06.388Z"}
{"level":"error","message":"STATUS 403 : PUT /products/6736b6716e8eb4c9228fe3b1","timestamp":"2024-11-15T03:05:06.391Z"}
{"level":"error","message":"STATUS 400 : PUT /products/6736b6716e8eb4c9228fe3b1","timestamp":"2024-11-15T03:05:06.393Z"}
{"level":"info","message":"PUT /v2/products/6736b6716e8eb4c9228fe3b1","timestamp":"2024-11-15T03:05:14.840Z"}
{"level":"error","message":"STATUS 403 : PUT /products/6736b6716e8eb4c9228fe3b1","timestamp":"2024-11-15T03:05:14.844Z"}
{"level":"info","message":"STATUS 200: PUT /products/6736b6716e8eb4c9228fe3b1","timestamp":"2024-11-15T03:05:14.895Z"}
{"level":"info","message":"DELETE /v2/products/6736b6716e8eb4c9228fe3b1","timestamp":"2024-11-15T03:05:23.535Z"}
{"level":"error","message":"STATUS 403 : DELETE /products/6736b6716e8eb4c9228fe3b1","timestamp":"2024-11-15T03:05:23.542Z"}
{"level":"info","message":"STATUS 204: DELETE /products/6736b6716e8eb4c9228fe3b1","timestamp":"2024-11-15T03:05:23.582Z"}
{"level":"info","message":"DELETE /v2/products/6736b6716e8eb4c9228fe3b1","timestamp":"2024-11-15T03:05:25.786Z"}
{"level":"error","message":"STATUS 403 : DELETE /products/6736b6716e8eb4c9228fe3b1","timestamp":"2024-11-15T03:05:25.789Z"}
{"level":"error","message":"STATUS 404 : DELETE /products/6736b6716e8eb4c9228fe3b1","timestamp":"2024-11-15T03:05:25.804Z"}
{"level":"info","message":"PUT /v2/products/6736b6716e8eb4c9228fe3b1","timestamp":"2024-11-15T03:05:28.411Z"}
{"level":"error","message":"STATUS 403 : PUT /products/6736b6716e8eb4c9228fe3b1","timestamp":"2024-11-15T03:05:28.427Z"}
{"level":"error","message":"STATUS 404 : PUT /products/6736b6716e8eb4c9228fe3b1","timestamp":"2024-11-15T03:05:28.452Z"}
{"level":"info","message":"POST /v2/products","timestamp":"2024-11-15T03:05:30.838Z"}
{"level":"error","message":"STATUS 403 : POST /products","timestamp":"2024-11-15T03:05:30.841Z"}
{"level":"info","message":"STATUS 201: POST /products","timestamp":"2024-11-15T03:05:30.863Z"}
{"level":"info","message":"PUT /v2/products/6736b6716e8eb4c9228fe3b1","timestamp":"2024-11-15T03:05:35.475Z"}
{"level":"error","message":"STATUS 403 : PUT /products/6736b6716e8eb4c9228fe3b1","timestamp":"2024-11-15T03:05:35.478Z"}
{"level":"error","message":"STATUS 404 : PUT /products/6736b6716e8eb4c9228fe3b1","timestamp":"2024-11-15T03:05:35.507Z"}
{"level":"info","message":"GET /v2/products/0/100/1/100000","timestamp":"2024-11-15T03:05:38.501Z"}
{"level":"info","message":"STATUS 200: GET /products/0/100/1/100000","timestamp":"2024-11-15T03:05:38.517Z"}
{"level":"info","message":"GET /v2/products/0/1000/1/100000","timestamp":"2024-11-15T03:05:48.150Z"}
{"level":"info","message":"STATUS 200: GET /products/0/1000/1/100000","timestamp":"2024-11-15T03:05:48.165Z"}
{"level":"info","message":"POST /v2/users/login","timestamp":"2024-11-15T03:22:45.808Z"}
{"level":"info","message":"POST /users/login","timestamp":"2024-11-15T03:22:45.926Z"}
{"level":"info","message":"POST /v2/users/login","timestamp":"2024-11-15T03:22:54.521Z"}
{"level":"info","message":"POST /users/login","timestamp":"2024-11-15T03:22:54.661Z"}
{"level":"info","message":"POST /v2/users/login","timestamp":"2024-11-15T03:23:28.945Z"}
{"level":"info","message":"POST /users/login","timestamp":"2024-11-15T03:23:29.053Z"}
{"level":"info","message":"POST /v2/users/signIn","timestamp":"2024-11-15T03:23:59.074Z"}
{"level":"info","message":"POST /users/signIn","timestamp":"2024-11-15T03:23:59.250Z"}
{"level":"info","message":"POST /v2/users/signIn","timestamp":"2024-11-15T03:24:01.906Z"}
{"level":"info","message":"POST /users/signIn","timestamp":"2024-11-15T03:24:02.054Z"}
{"level":"info","message":"POST /v2/users/signIn","timestamp":"2024-11-15T03:24:46.414Z"}
{"level":"info","message":"POST /users/signIn","timestamp":"2024-11-15T03:24:46.511Z"}
{"level":"info","message":"POST /v2/users/signIn","timestamp":"2024-11-15T03:24:47.379Z"}
{"level":"info","message":"POST /users/signIn","timestamp":"2024-11-15T03:24:47.469Z"}
{"level":"info","message":"POST /v2/users/signIn","timestamp":"2024-11-15T03:24:48.153Z"}
{"level":"info","message":"POST /users/signIn","timestamp":"2024-11-15T03:24:48.247Z"}
{"level":"info","message":"POST /v2/users/signIn","timestamp":"2024-11-15T03:25:34.981Z"}
{"level":"info","message":"POST /users/signIn","timestamp":"2024-11-15T03:25:35.077Z"}
{"level":"info","message":"POST /v2/users/signIn","timestamp":"2024-11-15T03:25:35.928Z"}
{"level":"info","message":"POST /users/signIn","timestamp":"2024-11-15T03:25:36.021Z"}
{"level":"info","message":"POST /v2/users/signIn","timestamp":"2024-11-15T03:25:36.593Z"}
{"level":"info","message":"POST /users/signIn","timestamp":"2024-11-15T03:25:36.688Z"}
{"level":"info","message":"POST /v2/users/signIn","timestamp":"2024-11-15T03:25:51.263Z"}
{"level":"info","message":"POST /users/signIn","timestamp":"2024-11-15T03:25:51.362Z"}
{"level":"info","message":"POST /v2/users/signIn","timestamp":"2024-11-15T03:27:23.339Z"}
{"level":"info","message":"POST /users/signIn","timestamp":"2024-11-15T03:27:23.496Z"}
{"level":"info","message":"POST /v2/users/signIn","timestamp":"2024-11-15T03:27:24.225Z"}
{"level":"info","message":"POST /users/signIn","timestamp":"2024-11-15T03:27:24.410Z"}
{"level":"info","message":"POST /v2/users/signIn","timestamp":"2024-11-15T03:28:17.187Z"}
{"level":"info","message":"POST /users/signIn","timestamp":"2024-11-15T03:28:17.287Z"}
{"level":"info","message":"POST /v2/users/signIn","timestamp":"2024-11-15T03:28:17.836Z"}
{"level":"info","message":"POST /users/signIn","timestamp":"2024-11-15T03:28:17.934Z"}
{"level":"info","message":"POST /v2/users/signIn","timestamp":"2024-11-15T03:29:57.928Z"}
{"level":"info","message":"POST /users/signIn","timestamp":"2024-11-15T03:29:58.068Z"}
{"level":"info","message":"POST /v2/users/signIn","timestamp":"2024-11-15T03:30:00.823Z"}
{"level":"info","message":"POST /users/signIn","timestamp":"2024-11-15T03:30:00.932Z"}
{"level":"info","message":"POST /v2/users/signIn","timestamp":"2024-11-15T03:30:02.236Z"}
{"level":"info","message":"POST /users/signIn","timestamp":"2024-11-15T03:30:02.395Z"}
{"level":"info","message":"POST /v2/users/signIn","timestamp":"2024-11-15T03:30:03.157Z"}
{"level":"info","message":"POST /users/signIn","timestamp":"2024-11-15T03:30:03.314Z"}
{"level":"info","message":"POST /v2/users/signIn","timestamp":"2024-11-15T03:30:03.993Z"}
{"level":"info","message":"POST /users/signIn","timestamp":"2024-11-15T03:30:04.162Z"}
{"level":"info","message":"POST /v2/users/signIn","timestamp":"2024-11-15T03:30:04.758Z"}
{"level":"info","message":"POST /users/signIn","timestamp":"2024-11-15T03:30:04.915Z"}
{"level":"info","message":"POST /v2/users/signIn","timestamp":"2024-11-15T03:30:05.524Z"}
{"level":"info","message":"POST /users/signIn","timestamp":"2024-11-15T03:30:05.677Z"}
{"level":"info","message":"POST /v2/users/signIn","timestamp":"2024-11-15T03:30:06.268Z"}
{"level":"info","message":"POST /users/signIn","timestamp":"2024-11-15T03:30:06.432Z"}
{"level":"info","message":"POST /v2/users/signIn","timestamp":"2024-11-15T03:33:32.188Z"}
{"level":"error","message":"STATUS 400 : POST /users/signIn","timestamp":"2024-11-15T03:33:32.229Z"}
{"level":"info","message":"POST /v2/users/signIn","timestamp":"2024-11-15T03:34:43.510Z"}
{"level":"error","message":"STATUS 400 : POST /users/signIn","timestamp":"2024-11-15T03:34:43.548Z"}
{"level":"info","message":"POST /v2/users/signIn","timestamp":"2024-11-15T03:36:03.935Z"}
{"level":"info","message":"POST /users/signIn","timestamp":"2024-11-15T03:36:04.072Z"}
{"level":"info","message":"POST /v2/users/signIn","timestamp":"2024-11-15T03:37:11.146Z"}
{"level":"info","message":"POST /users/signIn","timestamp":"2024-11-15T03:37:11.271Z"}
{"level":"info","message":"POST /v2/users/signIn","timestamp":"2024-11-15T03:37:12.123Z"}
{"level":"info","message":"POST /users/signIn","timestamp":"2024-11-15T03:37:12.233Z"}
{"level":"info","message":"POST /v2/users/signIn","timestamp":"2024-11-15T03:43:55.124Z"}
{"level":"info","message":"POST /users/signIn","timestamp":"2024-11-15T03:43:55.239Z"}
{"level":"info","message":"POST /v2/users/signIn","timestamp":"2024-11-15T03:43:56.216Z"}
{"level":"info","message":"POST /users/signIn","timestamp":"2024-11-15T03:43:56.326Z"}
{"level":"info","message":"POST /v2/users/signIn","timestamp":"2024-11-15T03:44:11.024Z"}
{"level":"info","message":"POST /users/signIn","timestamp":"2024-11-15T03:44:11.177Z"}
{"level":"info","message":"POST /v2/users/signIn","timestamp":"2024-11-15T03:44:11.984Z"}
{"level":"error","message":"STATUS 400 : POST /users/signIn","timestamp":"2024-11-15T03:44:12.004Z"}
{"level":"info","message":"POST /v2/users/signIn","timestamp":"2024-11-15T03:44:16.767Z"}
{"level":"error","message":"STATUS 400 : POST /users/signIn","timestamp":"2024-11-15T03:44:16.787Z"}
{"level":"info","message":"POST /v2/users/signIn","timestamp":"2024-11-15T03:44:17.632Z"}
{"level":"error","message":"STATUS 400 : POST /users/signIn","timestamp":"2024-11-15T03:44:17.648Z"}
{"level":"info","message":"POST /v2/users/signIn","timestamp":"2024-11-15T03:44:31.263Z"}
{"level":"error","message":"STATUS 400 : POST /users/signIn","timestamp":"2024-11-15T03:44:31.266Z"}
{"level":"info","message":"POST /v2/users/signIn","timestamp":"2024-11-15T03:44:42.427Z"}
{"level":"error","message":"STATUS 400 : POST /users/signIn","timestamp":"2024-11-15T03:44:42.430Z"}
{"level":"info","message":"POST /v2/users/signIn","timestamp":"2024-11-15T03:44:46.374Z"}
{"level":"info","message":"POST /users/signIn","timestamp":"2024-11-15T03:44:46.582Z"}
{"level":"info","message":"POST /v2/users/signIn","timestamp":"2024-11-15T03:44:52.385Z"}
{"level":"error","message":"STATUS 400 : POST /users/signIn","timestamp":"2024-11-15T03:44:52.387Z"}
{"level":"info","message":"POST /v2/users/signIn","timestamp":"2024-11-15T03:45:02.184Z"}
{"level":"error","message":"STATUS 400 : POST /users/signIn","timestamp":"2024-11-15T03:45:02.187Z"}
{"level":"info","message":"POST /v2/users/signIn","timestamp":"2024-11-15T03:45:10.105Z"}
{"level":"info","message":"POST /users/signIn","timestamp":"2024-11-15T03:45:10.317Z"}
{"level":"info","message":"PUT /v1/products/20","timestamp":"2024-11-15T14:01:38.606Z"}
{"level":"info","message":"POST /v1/users/login","timestamp":"2024-11-15T14:01:42.795Z"}
{"level":"info","message":"POST /users/login","timestamp":"2024-11-15T14:01:43.013Z"}
{"level":"info","message":"PUT /v1/products/20","timestamp":"2024-11-15T14:01:46.591Z"}
{"level":"error","message":"STATUS 403 : PUT /products/20","timestamp":"2024-11-15T14:01:46.604Z"}
{"level":"info","message":"PUT /products/20","timestamp":"2024-11-15T14:01:46.674Z"}
{"level":"info","message":"PUT /v1/products/20","timestamp":"2024-11-15T14:02:34.986Z"}
{"level":"error","message":"STATUS 403 : PUT /products/20","timestamp":"2024-11-15T14:02:34.994Z"}
{"level":"info","message":"PUT /products/20","timestamp":"2024-11-15T14:02:35.049Z"}
{"level":"info","message":"PUT /v1/products/20","timestamp":"2024-11-15T14:02:52.735Z"}
{"level":"error","message":"STATUS 403 : PUT /products/20","timestamp":"2024-11-15T14:02:52.795Z"}
{"level":"info","message":"PUT /products/20","timestamp":"2024-11-15T14:02:52.862Z"}
{"level":"info","message":"PUT /v1/products/21","timestamp":"2024-11-15T14:03:10.214Z"}
{"level":"error","message":"STATUS 403 : PUT /products/21","timestamp":"2024-11-15T14:03:10.218Z"}
{"level":"error","message":"STATUS 404 : PUT /products/21","timestamp":"2024-11-15T14:03:10.221Z"}
{"level":"info","message":"PUT /v1/products/20","timestamp":"2024-11-15T14:03:23.094Z"}
{"level":"error","message":"STATUS 403 : PUT /products/20","timestamp":"2024-11-15T14:03:23.104Z"}
{"level":"error","message":"STATUS 400 : PUT /products/20","timestamp":"2024-11-15T14:03:23.108Z"}
{"level":"info","message":"PUT /v1/products/20","timestamp":"2024-11-15T14:03:32.833Z"}
{"level":"error","message":"STATUS 403 : PUT /products/20","timestamp":"2024-11-15T14:03:32.846Z"}
{"level":"error","message":"STATUS 400 : PUT /products/20","timestamp":"2024-11-15T14:03:32.851Z"}
{"level":"info","message":"PUT /v1/products/20","timestamp":"2024-11-15T14:03:36.097Z"}
{"level":"error","message":"STATUS 403 : PUT /products/20","timestamp":"2024-11-15T14:03:36.103Z"}
{"level":"info","message":"PUT /products/20","timestamp":"2024-11-15T14:03:36.152Z"}
{"level":"info","message":"PUT /v1/products/20","timestamp":"2024-11-15T14:03:41.041Z"}
{"level":"error","message":"STATUS 403 : PUT /products/20","timestamp":"2024-11-15T14:03:41.051Z"}
{"level":"error","message":"STATUS 400 : PUT /products/20","timestamp":"2024-11-15T14:03:41.059Z"}
{"level":"info","message":"PUT /v1/products/20","timestamp":"2024-11-15T14:03:53.715Z"}
{"level":"error","message":"STATUS 403 : PUT /products/20","timestamp":"2024-11-15T14:03:53.724Z"}
{"level":"error","message":"STATUS 400 : PUT /products/20","timestamp":"2024-11-15T14:03:53.728Z"}
{"level":"info","message":"PUT /v1/products/20","timestamp":"2024-11-15T14:04:00.699Z"}
{"level":"error","message":"STATUS 403 : PUT /products/20","timestamp":"2024-11-15T14:04:00.705Z"}
{"level":"info","message":"PUT /products/20","timestamp":"2024-11-15T14:04:00.757Z"}
{"level":"info","message":"PUT /v1/products/20","timestamp":"2024-11-15T14:09:07.291Z"}
{"level":"error","message":"STATUS 403 : PUT /products/20","timestamp":"2024-11-15T14:09:07.324Z"}
{"level":"error","message":"STATUS 400 : PUT /products/20","timestamp":"2024-11-15T14:09:07.328Z"}
{"level":"info","message":"PUT /v1/products/20","timestamp":"2024-11-15T14:09:38.365Z"}
{"level":"error","message":"STATUS 403 : PUT /products/20","timestamp":"2024-11-15T14:09:38.409Z"}
{"level":"info","message":"PUT /products/20","timestamp":"2024-11-15T14:09:38.458Z"}
{"level":"info","message":"PUT /v1/products/20","timestamp":"2024-11-15T14:31:15.697Z"}
{"level":"error","message":"STATUS 403 : PUT /products/20","timestamp":"2024-11-15T14:31:15.706Z"}
{"level":"info","message":"PUT /products/20","timestamp":"2024-11-15T14:31:15.750Z"}
{"level":"info","message":"PUT /v1/products/s","timestamp":"2024-11-15T14:31:19.976Z"}
{"level":"error","message":"STATUS 403 : PUT /products/s","timestamp":"2024-11-15T14:31:19.987Z"}
{"level":"error","message":"STATUS 404 : PUT /products/s","timestamp":"2024-11-15T14:31:19.992Z"}
{"level":"info","message":"PUT /v1/products/21","timestamp":"2024-11-15T14:31:49.549Z"}
{"level":"error","message":"STATUS 403 : PUT /products/21","timestamp":"2024-11-15T14:31:49.559Z"}
{"level":"error","message":"STATUS 404 : PUT /products/21","timestamp":"2024-11-15T14:31:49.565Z"}
{"level":"info","message":"PUT /v1/products/21","timestamp":"2024-11-15T14:32:40.292Z"}
{"level":"error","message":"STATUS 403 : PUT /products/21","timestamp":"2024-11-15T14:32:40.347Z"}
{"level":"error","message":"STATUS 404 : PUT /products/21","timestamp":"2024-11-15T14:32:40.356Z"}
{"level":"info","message":"PUT /v1/products/20","timestamp":"2024-11-15T14:32:47.156Z"}
{"level":"error","message":"STATUS 403 : PUT /products/20","timestamp":"2024-11-15T14:32:47.166Z"}
{"level":"info","message":"PUT /products/20","timestamp":"2024-11-15T14:32:47.228Z"}
{"level":"info","message":"PUT /v1/products/20","timestamp":"2024-11-15T14:34:58.060Z"}
{"level":"error","message":"STATUS 403 : PUT /products/20","timestamp":"2024-11-15T14:34:58.099Z"}
{"level":"info","message":"PUT /products/20","timestamp":"2024-11-15T14:34:58.145Z"}
{"level":"info","message":"PUT /v1/products/20","timestamp":"2024-11-15T14:35:25.381Z"}
{"level":"info","message":"PUT /v1/products/20","timestamp":"2024-11-15T14:39:43.663Z"}
{"level":"error","message":"STATUS 403 : PUT /products/20","timestamp":"2024-11-15T14:39:43.693Z"}
{"level":"error","message":"STATUS 400 : PUT /products/20","timestamp":"2024-11-15T14:39:43.697Z"}
{"level":"info","message":"PUT /v1/products/20","timestamp":"2024-11-15T14:39:47.707Z"}
{"level":"error","message":"STATUS 403 : PUT /products/20","timestamp":"2024-11-15T14:39:47.719Z"}
{"level":"info","message":"PUT /products/20","timestamp":"2024-11-15T14:39:47.769Z"}
{"level":"info","message":"PUT /v1/products/20","timestamp":"2024-11-15T14:39:53.199Z"}
{"level":"error","message":"STATUS 403 : PUT /products/20","timestamp":"2024-11-15T14:39:53.211Z"}
{"level":"error","message":"STATUS 400 : PUT /products/20","timestamp":"2024-11-15T14:39:53.215Z"}
{"level":"info","message":"PUT /v1/products/20","timestamp":"2024-11-15T14:41:02.294Z"}
{"level":"error","message":"STATUS 403 : PUT /products/20","timestamp":"2024-11-15T14:41:02.347Z"}
{"level":"info","message":"PUT /products/20","timestamp":"2024-11-15T14:41:02.408Z"}
{"level":"info","message":"PUT /v1/products/20","timestamp":"2024-11-15T14:41:15.327Z"}
{"level":"error","message":"STATUS 403 : PUT /products/20","timestamp":"2024-11-15T14:41:15.338Z"}
{"level":"info","message":"PUT /products/20","timestamp":"2024-11-15T14:41:15.393Z"}
{"level":"info","message":"PUT /v1/products/20","timestamp":"2024-11-15T14:42:48.050Z"}
{"level":"error","message":"STATUS 403 : PUT /products/20","timestamp":"2024-11-15T14:42:48.109Z"}
{"level":"info","message":"PUT /products/20","timestamp":"2024-11-15T14:42:48.176Z"}
{"level":"info","message":"PUT /v1/products/20","timestamp":"2024-11-15T14:42:55.377Z"}
{"level":"error","message":"STATUS 403 : PUT /products/20","timestamp":"2024-11-15T14:42:55.388Z"}
{"level":"info","message":"PUT /products/20","timestamp":"2024-11-15T14:42:55.443Z"}
{"level":"info","message":"PUT /v1/products/20","timestamp":"2024-11-15T14:47:19.798Z"}
{"level":"error","message":"STATUS 403 : PUT /products/20","timestamp":"2024-11-15T14:47:19.846Z"}
{"level":"info","message":"STATUS 200: PUT /products/20","timestamp":"2024-11-15T14:47:19.893Z"}
{"level":"info","message":"PUT /v1/products/20","timestamp":"2024-11-15T14:47:25.033Z"}
{"level":"error","message":"STATUS 403 : PUT /products/20","timestamp":"2024-11-15T14:47:25.043Z"}
{"level":"error","message":"STATUS 400 : PUT /products/20","timestamp":"2024-11-15T14:47:25.047Z"}
{"level":"info","message":"PUT /v1/products/20","timestamp":"2024-11-15T14:47:58.721Z"}
{"level":"info","message":"PUT /v1/products/20","timestamp":"2024-11-15T14:48:40.990Z"}
{"level":"error","message":"STATUS 403 : PUT /products/20","timestamp":"2024-11-15T14:48:41.018Z"}
{"level":"error","message":"STATUS 400 : PUT /products/20","timestamp":"2024-11-15T14:48:41.022Z"}
{"level":"info","message":"PUT /v1/products/20","timestamp":"2024-11-15T14:48:45.913Z"}
{"level":"error","message":"STATUS 403 : PUT /products/20","timestamp":"2024-11-15T14:48:45.940Z"}
{"level":"info","message":"STATUS 200: PUT /products/20","timestamp":"2024-11-15T14:48:46.030Z"}
{"level":"info","message":"PUT /v1/products/20","timestamp":"2024-11-15T14:48:51.002Z"}
{"level":"error","message":"STATUS 403 : PUT /products/20","timestamp":"2024-11-15T14:48:51.011Z"}
{"level":"error","message":"STATUS 400 : PUT /products/20","timestamp":"2024-11-15T14:48:51.015Z"}
{"level":"info","message":"PUT /v1/products/20","timestamp":"2024-11-15T14:48:53.622Z"}
{"level":"error","message":"STATUS 403 : PUT /products/20","timestamp":"2024-11-15T14:48:53.634Z"}
{"level":"info","message":"STATUS 200: PUT /products/20","timestamp":"2024-11-15T14:48:53.707Z"}
{"level":"info","message":"PUT /v1/products/20","timestamp":"2024-11-15T14:48:56.150Z"}
{"level":"info","message":"PUT /v1/products/20","timestamp":"2024-11-15T14:49:00.576Z"}
{"level":"error","message":"STATUS 403 : PUT /products/20","timestamp":"2024-11-15T14:49:00.585Z"}
{"level":"error","message":"STATUS 400 : PUT /products/20","timestamp":"2024-11-15T14:49:00.589Z"}
{"level":"info","message":"PUT /v1/products/20","timestamp":"2024-11-15T14:49:04.228Z"}
{"level":"error","message":"STATUS 403 : PUT /products/20","timestamp":"2024-11-15T14:49:04.237Z"}
{"level":"info","message":"STATUS 200: PUT /products/20","timestamp":"2024-11-15T14:49:04.295Z"}
{"level":"info","message":"PUT /v1/products/20","timestamp":"2024-11-15T14:49:09.142Z"}
{"level":"error","message":"STATUS 403 : PUT /products/20","timestamp":"2024-11-15T14:49:09.150Z"}
{"level":"error","message":"STATUS 400 : PUT /products/20","timestamp":"2024-11-15T14:49:09.154Z"}
{"level":"info","message":"PUT /v1/products/20","timestamp":"2024-11-15T14:49:11.745Z"}
{"level":"error","message":"STATUS 403 : PUT /products/20","timestamp":"2024-11-15T14:49:11.755Z"}
{"level":"info","message":"STATUS 200: PUT /products/20","timestamp":"2024-11-15T14:49:11.820Z"}
{"level":"info","message":"PUT /v1/products/s","timestamp":"2024-11-15T14:49:14.912Z"}
{"level":"error","message":"STATUS 403 : PUT /products/s","timestamp":"2024-11-15T14:49:14.922Z"}
{"level":"error","message":"STATUS 404 : PUT /products/s","timestamp":"2024-11-15T14:49:14.928Z"}
{"level":"info","message":"PUT /v1/products/20","timestamp":"2024-11-15T14:49:19.635Z"}
{"level":"error","message":"STATUS 403 : PUT /products/20","timestamp":"2024-11-15T14:49:19.643Z"}
{"level":"info","message":"STATUS 200: PUT /products/20","timestamp":"2024-11-15T14:49:19.708Z"}
{"level":"info","message":"PUT /v1/products/20","timestamp":"2024-11-15T14:51:28.737Z"}
{"level":"error","message":"STATUS 403 : PUT /products/20","timestamp":"2024-11-15T14:51:28.743Z"}
{"level":"error","message":"STATUS 400 : PUT /products/20","timestamp":"2024-11-15T14:51:28.745Z"}
{"level":"info","message":"PUT /v1/products/20","timestamp":"2024-11-15T14:51:31.897Z"}
{"level":"error","message":"STATUS 403 : PUT /products/20","timestamp":"2024-11-15T14:51:31.906Z"}
{"level":"info","message":"STATUS 200: PUT /products/20","timestamp":"2024-11-15T14:51:31.958Z"}
{"level":"info","message":"PUT /v1/products/21","timestamp":"2024-11-15T14:52:44.201Z"}
{"level":"error","message":"STATUS 403 : PUT /products/21","timestamp":"2024-11-15T14:52:44.256Z"}
{"level":"error","message":"STATUS 404 : PUT /products/21","timestamp":"2024-11-15T14:52:44.266Z"}
{"level":"info","message":"PUT /v1/products/20","timestamp":"2024-11-15T14:52:47.323Z"}
{"level":"error","message":"STATUS 403 : PUT /products/20","timestamp":"2024-11-15T14:52:47.339Z"}
{"level":"info","message":"STATUS 200: PUT /products/20","timestamp":"2024-11-15T14:52:47.412Z"}
{"level":"info","message":"DELETE /v1/products/10","timestamp":"2024-11-15T15:13:26.372Z"}
{"level":"info","message":"DELETE /v1/products/10","timestamp":"2024-11-15T15:13:27.647Z"}
{"level":"info","message":"POST /v1/users/login","timestamp":"2024-11-15T15:13:30.186Z"}
{"level":"info","message":"POST /users/login","timestamp":"2024-11-15T15:13:30.391Z"}
{"level":"info","message":"DELETE /v1/products/10","timestamp":"2024-11-15T15:13:32.590Z"}
{"level":"error","message":"STATUS 403 : DELETE /products/10","timestamp":"2024-11-15T15:13:32.598Z"}
{"level":"info","message":"DELETE /products/10","timestamp":"2024-11-15T15:13:32.665Z"}
{"level":"info","message":"DELETE /v1/products/10","timestamp":"2024-11-15T15:13:34.050Z"}
{"level":"error","message":"STATUS 403 : DELETE /products/10","timestamp":"2024-11-15T15:13:34.058Z"}
{"level":"error","message":"STATUS 404 : DELETE /products/10","timestamp":"2024-11-15T15:13:34.063Z"}
{"level":"info","message":"DELETE /v1/products/10","timestamp":"2024-11-15T15:13:56.579Z"}
{"level":"error","message":"STATUS 403 : DELETE /products/10","timestamp":"2024-11-15T15:13:56.591Z"}
{"level":"error","message":"STATUS 404 : DELETE /products/10","timestamp":"2024-11-15T15:13:56.598Z"}
{"level":"info","message":"DELETE /v1/products/20","timestamp":"2024-11-15T15:14:03.120Z"}
{"level":"error","message":"STATUS 403 : DELETE /products/20","timestamp":"2024-11-15T15:14:03.128Z"}
{"level":"info","message":"DELETE /products/20","timestamp":"2024-11-15T15:14:03.184Z"}
{"level":"info","message":"DELETE /v1/products/20","timestamp":"2024-11-15T15:15:16.999Z"}
{"level":"error","message":"STATUS 403 : DELETE /products/20","timestamp":"2024-11-15T15:15:17.012Z"}
{"level":"error","message":"STATUS 404 : DELETE /products/20","timestamp":"2024-11-15T15:15:17.015Z"}
{"level":"info","message":"DELETE /v1/products/19","timestamp":"2024-11-15T15:15:22.557Z"}
{"level":"error","message":"STATUS 403 : DELETE /products/19","timestamp":"2024-11-15T15:15:22.565Z"}
{"level":"info","message":"STATUS 204 : DELETE /products/19","timestamp":"2024-11-15T15:15:22.615Z"}
{"level":"info","message":"DELETE /v1/products/19","timestamp":"2024-11-15T15:17:26.671Z"}
{"level":"error","message":"STATUS 403 : DELETE /products/19","timestamp":"2024-11-15T15:17:26.685Z"}
{"level":"error","message":"STATUS 404 : DELETE /products/19","timestamp":"2024-11-15T15:17:26.688Z"}
{"level":"info","message":"DELETE /v1/products/18","timestamp":"2024-11-15T15:17:30.167Z"}
{"level":"error","message":"STATUS 403 : DELETE /products/18","timestamp":"2024-11-15T15:17:30.176Z"}
{"level":"info","message":"STATUS 204 : DELETE /products/18","timestamp":"2024-11-15T15:17:30.234Z"}
{"level":"info","message":"DELETE /v1/products/18","timestamp":"2024-11-15T15:35:16.492Z"}
{"level":"error","message":"STATUS 403 : DELETE /products/18","timestamp":"2024-11-15T15:35:16.509Z"}
{"level":"error","message":"STATUS 500: DELETE /products/18","timestamp":"2024-11-15T15:35:16.514Z"}
{"level":"info","message":"DELETE /v1/products/18","timestamp":"2024-11-15T15:36:59.053Z"}
{"level":"error","message":"STATUS 403 : DELETE /products/18","timestamp":"2024-11-15T15:36:59.082Z"}
{"level":"error","message":"STATUS 500: DELETE /products/18","timestamp":"2024-11-15T15:36:59.089Z"}
{"level":"info","message":"DELETE /v1/products/18","timestamp":"2024-11-15T15:39:09.091Z"}
{"level":"error","message":"STATUS 403 : DELETE /products/18","timestamp":"2024-11-15T15:39:09.103Z"}
{"level":"error","message":"STATUS 500: DELETE /products/18","timestamp":"2024-11-15T15:39:09.107Z"}
{"level":"info","message":"DELETE /v1/products/18","timestamp":"2024-11-15T15:42:02.784Z"}
{"level":"error","message":"STATUS 403 : DELETE /products/18","timestamp":"2024-11-15T15:42:02.798Z"}
{"level":"error","message":"STATUS 500: DELETE /products/18","timestamp":"2024-11-15T15:42:02.800Z"}
{"level":"info","message":"DELETE /v1/products/18","timestamp":"2024-11-15T15:44:41.131Z"}
{"level":"error","message":"STATUS 403 : DELETE /products/18","timestamp":"2024-11-15T15:44:41.143Z"}
{"level":"error","message":"STATUS 404 : DELETE /products/18","timestamp":"2024-11-15T15:44:41.147Z"}
{"level":"info","message":"DELETE /v1/products/17","timestamp":"2024-11-15T15:44:51.196Z"}
{"level":"error","message":"STATUS 403 : DELETE /products/17","timestamp":"2024-11-15T15:44:51.204Z"}
{"level":"info","message":"STATUS 204 : DELETE /products/17","timestamp":"2024-11-15T15:44:51.240Z"}
{"level":"info","message":"DELETE /v1/products/17","timestamp":"2024-11-15T15:44:52.780Z"}
{"level":"error","message":"STATUS 403 : DELETE /products/17","timestamp":"2024-11-15T15:44:52.792Z"}
{"level":"error","message":"STATUS 404 : DELETE /products/17","timestamp":"2024-11-15T15:44:52.800Z"}
{"level":"info","message":"DELETE /v1/products/17","timestamp":"2024-11-15T15:47:30.356Z"}
{"level":"error","message":"STATUS 403 : DELETE /products/17","timestamp":"2024-11-15T15:47:30.362Z"}
{"level":"error","message":"STATUS 404 : DELETE /products/17","timestamp":"2024-11-15T15:47:30.366Z"}
{"level":"info","message":"DELETE /v1/products/17","timestamp":"2024-11-15T15:49:13.707Z"}
{"level":"error","message":"STATUS 403 : DELETE /products/17","timestamp":"2024-11-15T15:49:13.729Z"}
{"level":"error","message":"STATUS 404 : DELETE /products/17","timestamp":"2024-11-15T15:49:13.735Z"}
{"level":"info","message":"DELETE /v1/products/16","timestamp":"2024-11-15T15:49:16.917Z"}
{"level":"error","message":"STATUS 403 : DELETE /products/16","timestamp":"2024-11-15T15:49:16.925Z"}
{"level":"info","message":"STATUS 204 : DELETE /products/16","timestamp":"2024-11-15T15:49:16.976Z"}
{"level":"info","message":"DELETE /v1/products/16","timestamp":"2024-11-15T15:49:18.465Z"}
{"level":"error","message":"STATUS 403 : DELETE /products/16","timestamp":"2024-11-15T15:49:18.473Z"}
{"level":"error","message":"STATUS 404 : DELETE /products/16","timestamp":"2024-11-15T15:49:18.479Z"}
{"level":"info","message":"PUT /v1/products/20","timestamp":"2024-11-15T15:49:23.244Z"}
{"level":"error","message":"STATUS 403 : PUT /products/20","timestamp":"2024-11-15T15:49:23.291Z"}
{"level":"error","message":"STATUS 404 : PUT /products/20","timestamp":"2024-11-15T15:49:23.299Z"}
{"level":"info","message":"PUT /v1/products/15","timestamp":"2024-11-15T15:49:27.199Z"}
{"level":"error","message":"STATUS 403 : PUT /products/15","timestamp":"2024-11-15T15:49:27.204Z"}
{"level":"info","message":"STATUS 200: PUT /products/15","timestamp":"2024-11-15T15:49:27.242Z"}
{"level":"info","message":"PUT /v1/products/15","timestamp":"2024-11-15T15:50:11.589Z"}
{"level":"error","message":"STATUS 403 : PUT /products/15","timestamp":"2024-11-15T15:50:11.631Z"}
{"level":"info","message":"STATUS 200: PUT /products/15","timestamp":"2024-11-15T15:50:11.662Z"}
{"level":"info","message":"PUT /v1/products/15","timestamp":"2024-11-15T15:50:12.822Z"}
{"level":"error","message":"STATUS 403 : PUT /products/15","timestamp":"2024-11-15T15:50:12.826Z"}
{"level":"info","message":"STATUS 200: PUT /products/15","timestamp":"2024-11-15T15:50:12.868Z"}
{"level":"info","message":"PUT /v1/products/16","timestamp":"2024-11-15T15:50:16.010Z"}
{"level":"error","message":"STATUS 403 : PUT /products/16","timestamp":"2024-11-15T15:50:16.020Z"}
{"level":"error","message":"STATUS 404 : PUT /products/16","timestamp":"2024-11-15T15:50:16.024Z"}
{"level":"info","message":"POST /v1/products","timestamp":"2024-11-15T15:58:39.450Z"}
{"level":"error","message":"STATUS 403 : POST /products","timestamp":"2024-11-15T15:58:39.463Z"}
{"level":"info","message":"POST /products","timestamp":"2024-11-15T15:58:39.499Z"}
{"level":"info","message":"POST /v1/products","timestamp":"2024-11-15T15:58:42.989Z"}
{"level":"error","message":"STATUS 403 : POST /products","timestamp":"2024-11-15T15:58:43.000Z"}
{"level":"info","message":"POST /products","timestamp":"2024-11-15T15:58:43.055Z"}
{"level":"info","message":"POST /v1/products","timestamp":"2024-11-15T15:58:43.876Z"}
{"level":"error","message":"STATUS 403 : POST /products","timestamp":"2024-11-15T15:58:43.886Z"}
{"level":"info","message":"POST /products","timestamp":"2024-11-15T15:58:43.928Z"}
{"level":"info","message":"POST /v1/products","timestamp":"2024-11-15T15:58:44.475Z"}
{"level":"error","message":"STATUS 403 : POST /products","timestamp":"2024-11-15T15:58:44.484Z"}
{"level":"info","message":"POST /products","timestamp":"2024-11-15T15:58:44.522Z"}
{"level":"info","message":"POST /v1/products","timestamp":"2024-11-15T15:58:45.057Z"}
{"level":"error","message":"STATUS 403 : POST /products","timestamp":"2024-11-15T15:58:45.066Z"}
{"level":"info","message":"POST /products","timestamp":"2024-11-15T15:58:45.107Z"}
{"level":"info","message":"POST /v1/products","timestamp":"2024-11-15T16:00:19.493Z"}
{"level":"error","message":"STATUS 403 : POST /products","timestamp":"2024-11-15T16:00:19.532Z"}
{"level":"info","message":"STATUS 201: POST /products","timestamp":"2024-11-15T16:00:19.573Z"}
{"level":"info","message":"POST /v1/products","timestamp":"2024-11-15T16:00:21.680Z"}
{"level":"error","message":"STATUS 403 : POST /products","timestamp":"2024-11-15T16:00:21.686Z"}
{"level":"info","message":"STATUS 201: POST /products","timestamp":"2024-11-15T16:00:21.722Z"}
{"level":"info","message":"POST /v1/products","timestamp":"2024-11-15T16:00:22.443Z"}
{"level":"error","message":"STATUS 403 : POST /products","timestamp":"2024-11-15T16:00:22.453Z"}
{"level":"info","message":"STATUS 201: POST /products","timestamp":"2024-11-15T16:00:22.495Z"}
{"level":"info","message":"POST /v1/products","timestamp":"2024-11-15T16:00:23.152Z"}
{"level":"error","message":"STATUS 403 : POST /products","timestamp":"2024-11-15T16:00:23.161Z"}
{"level":"info","message":"STATUS 201: POST /products","timestamp":"2024-11-15T16:00:23.214Z"}
{"level":"info","message":"POST /v1/products","timestamp":"2024-11-15T16:00:23.841Z"}
{"level":"error","message":"STATUS 403 : POST /products","timestamp":"2024-11-15T16:00:23.849Z"}
{"level":"info","message":"STATUS 201: POST /products","timestamp":"2024-11-15T16:00:23.912Z"}
{"level":"info","message":"POST /v1/products","timestamp":"2024-11-15T16:03:34.152Z"}
{"level":"error","message":"STATUS 403 : POST /products","timestamp":"2024-11-15T16:03:34.192Z"}
{"level":"info","message":"STATUS 201: POST /products","timestamp":"2024-11-15T16:03:34.243Z"}
{"level":"info","message":"GET /v1/products/0/100/1/100000","timestamp":"2024-11-15T16:03:37.573Z"}
{"level":"info","message":"STATUS 200: GET /products/0/100/1/100000","timestamp":"2024-11-15T16:03:37.577Z"}
{"level":"info","message":"GET /v1/products/0/1000/1/100000","timestamp":"2024-11-15T16:03:50.942Z"}
{"level":"info","message":"STATUS 200: GET /products/0/1000/1/100000","timestamp":"2024-11-15T16:03:50.944Z"}
{"level":"info","message":"POST /v1/users/login","timestamp":"2024-11-15T16:11:39.110Z"}
{"level":"info","message":"POST /v1/users/login","timestamp":"2024-11-15T16:11:42.021Z"}
{"level":"info","message":"POST /users/login","timestamp":"2024-11-15T16:11:42.238Z"}
{"level":"info","message":"POST /v1/users/login","timestamp":"2024-11-15T16:11:47.356Z"}
{"level":"error","message":"STATUS 400 : POST /users/login","timestamp":"2024-11-15T16:11:47.358Z"}
{"level":"info","message":"POST /v1/users/login","timestamp":"2024-11-15T16:12:33.390Z"}
{"level":"info","message":"STATUS 200: POST /users/login","timestamp":"2024-11-15T16:12:33.547Z"}
{"level":"info","message":"POST /v1/users/login","timestamp":"2024-11-15T16:12:37.342Z"}
{"level":"error","message":"STATUS 400 : POST /users/login","timestamp":"2024-11-15T16:12:37.345Z"}
{"level":"info","message":"POST /v1/users/login","timestamp":"2024-11-15T16:12:40.878Z"}
{"level":"info","message":"STATUS 200: POST /users/login","timestamp":"2024-11-15T16:12:41.043Z"}
{"level":"info","message":"POST /v1/users/login","timestamp":"2024-11-15T16:12:48.267Z"}
{"level":"error","message":"STATUS 400 : POST /users/login","timestamp":"2024-11-15T16:12:48.270Z"}
{"level":"info","message":"POST /v1/users/login","timestamp":"2024-11-15T16:12:51.421Z"}
{"level":"info","message":"STATUS 200: POST /users/login","timestamp":"2024-11-15T16:12:51.613Z"}
{"level":"info","message":"POST /v1/users/signIn","timestamp":"2024-11-15T16:25:31.545Z"}
{"level":"info","message":"STATUS 201: POST /users/signIn","timestamp":"2024-11-15T16:25:31.824Z"}
{"level":"info","message":"POST /v1/users/signIn","timestamp":"2024-11-15T16:25:38.216Z"}
{"level":"info","message":"STATUS 201: POST /users/signIn","timestamp":"2024-11-15T16:25:38.407Z"}
{"level":"info","message":"POST /v1/users/signIn","timestamp":"2024-11-15T16:25:41.634Z"}
{"level":"info","message":"STATUS 201: POST /users/signIn","timestamp":"2024-11-15T16:25:41.822Z"}
{"level":"info","message":"POST /v1/users/login","timestamp":"2024-11-15T16:26:40.912Z"}
{"level":"error","message":"STATUS 401 : POST /users/login","timestamp":"2024-11-15T16:26:40.957Z"}
{"level":"info","message":"POST /v1/users/login","timestamp":"2024-11-15T16:26:49.521Z"}
{"level":"error","message":"STATUS 401 : POST /users/login","timestamp":"2024-11-15T16:26:49.525Z"}
{"level":"info","message":"POST /v1/users/signIn","timestamp":"2024-11-15T16:26:58.845Z"}
{"level":"info","message":"STATUS 201: POST /users/signIn","timestamp":"2024-11-15T16:26:59.078Z"}
{"level":"info","message":"POST /v1/users/login","timestamp":"2024-11-15T16:27:03.003Z"}
{"level":"error","message":"STATUS 401 : POST /users/login","timestamp":"2024-11-15T16:27:03.007Z"}
{"level":"info","message":"POST /v1/users/login","timestamp":"2024-11-15T16:27:14.501Z"}
{"level":"info","message":"STATUS 200: POST /users/login","timestamp":"2024-11-15T16:27:14.675Z"}
{"level":"info","message":"POST /v1/users/signIn","timestamp":"2024-11-15T16:27:17.855Z"}
{"level":"info","message":"STATUS 201: POST /users/signIn","timestamp":"2024-11-15T16:27:18.038Z"}
{"level":"info","message":"POST /v1/users/signIn","timestamp":"2024-11-15T16:28:33.546Z"}
{"level":"error","message":"STATUS 400 : POST /users/signIn","timestamp":"2024-11-15T16:28:33.590Z"}
{"level":"info","message":"POST /v1/users/signIn","timestamp":"2024-11-15T16:28:40.661Z"}
{"level":"info","message":"STATUS 201: POST /users/signIn","timestamp":"2024-11-15T16:28:40.870Z"}
{"level":"info","message":"POST /v1/users/signIn","timestamp":"2024-11-15T16:29:34.917Z"}
{"level":"error","message":"STATUS 400 : POST /users/signIn","timestamp":"2024-11-15T16:29:34.949Z"}
{"level":"info","message":"POST /v1/users/signIn","timestamp":"2024-11-15T16:29:41.230Z"}
{"level":"error","message":"STATUS 400 : POST /users/signIn","timestamp":"2024-11-15T16:29:41.233Z"}
{"level":"info","message":"POST /v1/users/signIn","timestamp":"2024-11-15T16:29:48.755Z"}
{"level":"error","message":"STATUS 400 : POST /users/signIn","timestamp":"2024-11-15T16:29:48.759Z"}
{"level":"info","message":"POST /v1/users/signIn","timestamp":"2024-11-15T16:29:53.227Z"}
{"level":"info","message":"STATUS 201: POST /users/signIn","timestamp":"2024-11-15T16:29:53.457Z"}
{"level":"info","message":"POST /v1/users/signIn","timestamp":"2024-11-15T16:33:54.042Z"}
{"level":"error","message":"STATUS 400 : POST /users/signIn","timestamp":"2024-11-15T16:33:54.063Z"}
{"level":"info","message":"POST /v1/users/signIn","timestamp":"2024-11-15T16:33:59.672Z"}
{"level":"info","message":"STATUS 201: POST /users/signIn","timestamp":"2024-11-15T16:33:59.889Z"}
{"level":"info","message":"POST /v1/users/login","timestamp":"2024-11-15T16:34:03.663Z"}
{"level":"info","message":"STATUS 200: POST /users/login","timestamp":"2024-11-15T16:34:03.836Z"}
{"level":"info","message":"POST /v1/users/login","timestamp":"2024-11-15T16:34:10.496Z"}
{"level":"error","message":"STATUS 401 : POST /users/login","timestamp":"2024-11-15T16:34:10.670Z"}
{"level":"info","message":"POST /v1/users/login","timestamp":"2024-11-15T16:34:13.535Z"}
{"level":"info","message":"STATUS 200: POST /users/login","timestamp":"2024-11-15T16:34:13.713Z"}
{"level":"info","message":"PUT /v1/products/16","timestamp":"2024-11-15T16:34:19.371Z"}
{"level":"error","message":"STATUS 403 : PUT /products/16","timestamp":"2024-11-15T16:34:19.390Z"}
{"level":"info","message":"PUT /v1/products/16","timestamp":"2024-11-15T16:34:44.607Z"}
{"level":"error","message":"STATUS 403 : PUT /products/16","timestamp":"2024-11-15T16:34:44.612Z"}
{"level":"info","message":"POST /v1/users/login","timestamp":"2024-11-15T16:37:05.021Z"}
{"level":"info","message":"STATUS 200: POST /users/login","timestamp":"2024-11-15T16:37:05.159Z"}
{"level":"info","message":"DELETE /v1/products/16","timestamp":"2024-11-15T16:37:12.528Z"}
{"level":"error","message":"STATUS 403 : DELETE /products/16","timestamp":"2024-11-15T16:37:12.531Z"}
{"level":"info","message":"DELETE /v1/products/15","timestamp":"2024-11-15T16:37:19.676Z"}
{"level":"error","message":"STATUS 403 : DELETE /products/15","timestamp":"2024-11-15T16:37:19.679Z"}
{"level":"info","message":"DELETE /v1/products/15","timestamp":"2024-11-15T16:40:45.974Z"}
{"level":"error","message":"STATUS 403 : DELETE /products/15","timestamp":"2024-11-15T16:40:46.003Z"}
{"level":"info","message":"DELETE /v1/products/15","timestamp":"2024-11-15T16:43:58.497Z"}
{"level":"error","message":"STATUS 403 : DELETE /products/15","timestamp":"2024-11-15T16:43:58.511Z"}
{"level":"info","message":"STATUS 204 : DELETE /products/15","timestamp":"2024-11-15T16:43:58.572Z"}
{"level":"info","message":"DELETE /v1/products/15","timestamp":"2024-11-15T16:44:20.572Z"}
{"level":"error","message":"STATUS 403 : DELETE /products/15","timestamp":"2024-11-15T16:44:20.579Z"}
{"level":"info","message":"STATUS 204 : DELETE /products/15","timestamp":"2024-11-15T16:44:20.620Z"}
{"level":"info","message":"DELETE /v1/products/15","timestamp":"2024-11-15T16:44:25.571Z"}
{"level":"error","message":"STATUS 403 : DELETE /products/15","timestamp":"2024-11-15T16:44:25.574Z"}
{"level":"error","message":"STATUS 404 : DELETE /products/15","timestamp":"2024-11-15T16:44:25.581Z"}
{"level":"info","message":"DELETE /v1/products/15","timestamp":"2024-11-15T16:46:12.142Z"}
{"level":"error","message":"STATUS 403 : DELETE /products/15","timestamp":"2024-11-15T16:46:12.155Z"}
{"level":"error","message":"STATUS 404 : DELETE /products/15","timestamp":"2024-11-15T16:46:12.159Z"}
{"level":"info","message":"PUT /v1/products/16","timestamp":"2024-11-15T16:46:16.251Z"}
{"level":"error","message":"STATUS 403 : PUT /products/16","timestamp":"2024-11-15T16:46:16.285Z"}
{"level":"info","message":"STATUS 200: PUT /products/16","timestamp":"2024-11-15T16:46:16.328Z"}
{"level":"info","message":"POST /v1/products","timestamp":"2024-11-15T16:46:19.378Z"}
{"level":"error","message":"STATUS 403 : POST /products","timestamp":"2024-11-15T16:46:19.380Z"}
{"level":"info","message":"STATUS 201: POST /products","timestamp":"2024-11-15T16:46:19.416Z"}
{"level":"info","message":"POST /v1/products","timestamp":"2024-11-15T16:52:51.671Z"}
{"level":"error","message":"STATUS 403 : POST /products","timestamp":"2024-11-15T16:52:51.677Z"}
{"level":"info","message":"STATUS 201: POST /products","timestamp":"2024-11-15T16:52:51.717Z"}
{"level":"info","message":"PUT /v1/products/16","timestamp":"2024-11-15T16:52:55.279Z"}
{"level":"error","message":"STATUS 403 : PUT /products/16","timestamp":"2024-11-15T16:52:55.284Z"}
{"level":"info","message":"STATUS 200: PUT /products/16","timestamp":"2024-11-15T16:52:55.334Z"}
{"level":"info","message":"POST /v1/users/signIn","timestamp":"2024-11-15T16:54:31.612Z"}
{"level":"error","message":"STATUS 400 : POST /users/signIn","timestamp":"2024-11-15T16:54:31.682Z"}
{"level":"info","message":"POST /v1/users/signIn","timestamp":"2024-11-15T16:54:43.997Z"}
{"level":"info","message":"STATUS 201: POST /users/signIn","timestamp":"2024-11-15T16:54:44.128Z"}
